[2025-09-13T17:35:01.747+0000] {local_task_job_runner.py:123} INFO - ::group::Pre task execution logs
[2025-09-13T17:35:01.757+0000] {taskinstance.py:2603} INFO - Dependencies all met for dep_context=non-requeueable deps ti=<TaskInstance: stock_mlops_pl.create_insert_data manual__2025-09-13T17:34:57.353322+00:00 [queued]>
[2025-09-13T17:35:01.760+0000] {taskinstance.py:2603} INFO - Dependencies all met for dep_context=requeueable deps ti=<TaskInstance: stock_mlops_pl.create_insert_data manual__2025-09-13T17:34:57.353322+00:00 [queued]>
[2025-09-13T17:35:01.761+0000] {taskinstance.py:2856} INFO - Starting attempt 1 of 6
[2025-09-13T17:35:01.767+0000] {taskinstance.py:2879} INFO - Executing <Task(_PythonDecoratedOperator): create_insert_data> on 2025-09-13 17:34:57.353322+00:00
[2025-09-13T17:35:01.770+0000] {standard_task_runner.py:72} INFO - Started process 233 to run task
[2025-09-13T17:35:01.773+0000] {standard_task_runner.py:104} INFO - Running: ['***', 'tasks', 'run', 'stock_mlops_pl', 'create_insert_data', 'manual__2025-09-13T17:34:57.353322+00:00', '--job-id', '8', '--raw', '--subdir', 'DAGS_FOLDER/stock_mlops_pl.py', '--cfg-path', '/tmp/tmpwob3wvvi']
[2025-09-13T17:35:01.775+0000] {standard_task_runner.py:105} INFO - Job 8: Subtask create_insert_data
[2025-09-13T17:35:01.802+0000] {task_command.py:467} INFO - Running <TaskInstance: stock_mlops_pl.create_insert_data manual__2025-09-13T17:34:57.353322+00:00 [running]> on host f56d726d67de
[2025-09-13T17:35:01.844+0000] {taskinstance.py:3122} INFO - Exporting env vars: AIRFLOW_CTX_DAG_OWNER='Khuong' AIRFLOW_CTX_DAG_ID='stock_mlops_pl' AIRFLOW_CTX_TASK_ID='create_insert_data' AIRFLOW_CTX_EXECUTION_DATE='2025-09-13T17:34:57.353322+00:00' AIRFLOW_CTX_TRY_NUMBER='1' AIRFLOW_CTX_DAG_RUN_ID='manual__2025-09-13T17:34:57.353322+00:00'
[2025-09-13T17:35:01.846+0000] {taskinstance.py:731} INFO - ::endgroup::
[2025-09-13T17:35:03.479+0000] {logging_mixin.py:190} INFO - [('NEAR/USDT', '2025-09-13 17:31:00', '2.796', '2.801', '2.795', '2.8', '13686.1'), ('NEAR/USDT', '2025-09-13 17:32:00', '2.8', '2.802', '2.797', '2.802', '1684.8'), ('NEAR/USDT', '2025-09-13 17:33:00', '2.802', '2.804', '2.802', '2.802', '3647.0'), ('NEAR/USDT', '2025-09-13 17:34:00', '2.802', '2.803', '2.802', '2.803', '1036.8'), ('NEAR/USDT', '2025-09-13 17:35:00', '2.802', '2.802', '2.802', '2.802', '584.2')]
[2025-09-13T17:35:07.605+0000] {logging_mixin.py:190} INFO - Connect DuckDB Successfully!
[2025-09-13T17:35:10.302+0000] {logging_mixin.py:190} INFO - Create and Insert Data Successfully!
[2025-09-13T17:35:10.304+0000] {python.py:240} INFO - Done. Returned value was: None
[2025-09-13T17:35:10.328+0000] {taskinstance.py:340} INFO - ::group::Post task execution logs
[2025-09-13T17:35:10.329+0000] {taskinstance.py:352} INFO - Marking task as SUCCESS. dag_id=stock_mlops_pl, task_id=create_insert_data, run_id=manual__2025-09-13T17:34:57.353322+00:00, execution_date=20250913T173457, start_date=20250913T173501, end_date=20250913T173510
[2025-09-13T17:35:10.403+0000] {local_task_job_runner.py:261} INFO - Task exited with return code 0
[2025-09-13T17:35:10.416+0000] {taskinstance.py:3891} INFO - 0 downstream tasks scheduled from follow-on schedule check
[2025-09-13T17:35:10.417+0000] {local_task_job_runner.py:240} INFO - ::endgroup::
