[2025-09-14T04:50:05.176+0000] {local_task_job_runner.py:123} INFO - ::group::Pre task execution logs
[2025-09-14T04:50:05.206+0000] {taskinstance.py:2603} INFO - Dependencies all met for dep_context=non-requeueable deps ti=<TaskInstance: stock_mlops_pl.create_insert_data scheduled__2025-09-14T04:45:00+00:00 [queued]>
[2025-09-14T04:50:05.212+0000] {taskinstance.py:2603} INFO - Dependencies all met for dep_context=requeueable deps ti=<TaskInstance: stock_mlops_pl.create_insert_data scheduled__2025-09-14T04:45:00+00:00 [queued]>
[2025-09-14T04:50:05.213+0000] {taskinstance.py:2856} INFO - Starting attempt 1 of 6
[2025-09-14T04:50:05.222+0000] {taskinstance.py:2879} INFO - Executing <Task(_PythonDecoratedOperator): create_insert_data> on 2025-09-14 04:45:00+00:00
[2025-09-14T04:50:05.229+0000] {standard_task_runner.py:72} INFO - Started process 33424 to run task
[2025-09-14T04:50:05.232+0000] {standard_task_runner.py:104} INFO - Running: ['***', 'tasks', 'run', 'stock_mlops_pl', 'create_insert_data', 'scheduled__2025-09-14T04:45:00+00:00', '--job-id', '270', '--raw', '--subdir', 'DAGS_FOLDER/stock_mlops_pl.py', '--cfg-path', '/tmp/tmpdkrhsina']
[2025-09-14T04:50:05.234+0000] {standard_task_runner.py:105} INFO - Job 270: Subtask create_insert_data
[2025-09-14T04:50:05.332+0000] {task_command.py:467} INFO - Running <TaskInstance: stock_mlops_pl.create_insert_data scheduled__2025-09-14T04:45:00+00:00 [running]> on host 3a02a95ee454
[2025-09-14T04:50:05.472+0000] {taskinstance.py:3122} INFO - Exporting env vars: AIRFLOW_CTX_DAG_OWNER='Khuong' AIRFLOW_CTX_DAG_ID='stock_mlops_pl' AIRFLOW_CTX_TASK_ID='create_insert_data' AIRFLOW_CTX_EXECUTION_DATE='2025-09-14T04:45:00+00:00' AIRFLOW_CTX_TRY_NUMBER='1' AIRFLOW_CTX_DAG_RUN_ID='scheduled__2025-09-14T04:45:00+00:00'
[2025-09-14T04:50:05.474+0000] {taskinstance.py:731} INFO - ::endgroup::
[2025-09-14T04:50:07.492+0000] {logging_mixin.py:190} INFO - Connect DuckDB Successfully!
[2025-09-14T04:50:10.141+0000] {logging_mixin.py:190} INFO - Create and Insert Data Successfully!
[2025-09-14T04:50:10.142+0000] {python.py:240} INFO - Done. Returned value was: None
[2025-09-14T04:50:10.163+0000] {taskinstance.py:340} INFO - ::group::Post task execution logs
[2025-09-14T04:50:10.164+0000] {taskinstance.py:352} INFO - Marking task as SUCCESS. dag_id=stock_mlops_pl, task_id=create_insert_data, run_id=scheduled__2025-09-14T04:45:00+00:00, execution_date=20250914T044500, start_date=20250914T045005, end_date=20250914T045010
[2025-09-14T04:50:10.197+0000] {local_task_job_runner.py:261} INFO - Task exited with return code 0
[2025-09-14T04:50:10.227+0000] {taskinstance.py:3891} INFO - 0 downstream tasks scheduled from follow-on schedule check
[2025-09-14T04:50:10.230+0000] {local_task_job_runner.py:240} INFO - ::endgroup::
[2025-09-14T04:50:10.234+0000] {standard_task_runner.py:217} INFO - Process not found (most likely exited), stop collecting metrics
