[2025-09-13T18:28:22.341+0000] {local_task_job_runner.py:123} INFO - ::group::Pre task execution logs
[2025-09-13T18:28:22.371+0000] {taskinstance.py:2603} INFO - Dependencies all met for dep_context=non-requeueable deps ti=<TaskInstance: stock_mlops_pl.create_insert_data manual__2025-09-13T18:28:16.201825+00:00 [queued]>
[2025-09-13T18:28:22.379+0000] {taskinstance.py:2603} INFO - Dependencies all met for dep_context=requeueable deps ti=<TaskInstance: stock_mlops_pl.create_insert_data manual__2025-09-13T18:28:16.201825+00:00 [queued]>
[2025-09-13T18:28:22.380+0000] {taskinstance.py:2856} INFO - Starting attempt 1 of 6
[2025-09-13T18:28:22.393+0000] {taskinstance.py:2879} INFO - Executing <Task(_PythonDecoratedOperator): create_insert_data> on 2025-09-13 18:28:16.201825+00:00
[2025-09-13T18:28:22.402+0000] {standard_task_runner.py:72} INFO - Started process 1230 to run task
[2025-09-13T18:28:22.406+0000] {standard_task_runner.py:104} INFO - Running: ['***', 'tasks', 'run', 'stock_mlops_pl', 'create_insert_data', 'manual__2025-09-13T18:28:16.201825+00:00', '--job-id', '60', '--raw', '--subdir', 'DAGS_FOLDER/stock_mlops_pl.py', '--cfg-path', '/tmp/tmpuwefb5mr']
[2025-09-13T18:28:22.409+0000] {standard_task_runner.py:105} INFO - Job 60: Subtask create_insert_data
[2025-09-13T18:28:22.527+0000] {task_command.py:467} INFO - Running <TaskInstance: stock_mlops_pl.create_insert_data manual__2025-09-13T18:28:16.201825+00:00 [running]> on host b58c557c95f4
[2025-09-13T18:28:22.674+0000] {taskinstance.py:3122} INFO - Exporting env vars: AIRFLOW_CTX_DAG_OWNER='Khuong' AIRFLOW_CTX_DAG_ID='stock_mlops_pl' AIRFLOW_CTX_TASK_ID='create_insert_data' AIRFLOW_CTX_EXECUTION_DATE='2025-09-13T18:28:16.201825+00:00' AIRFLOW_CTX_TRY_NUMBER='1' AIRFLOW_CTX_DAG_RUN_ID='manual__2025-09-13T18:28:16.201825+00:00'
[2025-09-13T18:28:22.676+0000] {taskinstance.py:731} INFO - ::endgroup::
[2025-09-13T18:28:22.702+0000] {logging_mixin.py:190} INFO - [['NEAR/USDT', '2025-09-13 18:24:00', '2.8', '2.801', '2.799', '2.801', '2180.3'], ['NEAR/USDT', '2025-09-13 18:25:00', '2.801', '2.802', '2.801', '2.802', '375.3'], ['NEAR/USDT', '2025-09-13 18:26:00', '2.802', '2.804', '2.8', '2.804', '24108.1'], ['NEAR/USDT', '2025-09-13 18:27:00', '2.803', '2.806', '2.801', '2.806', '1805.9'], ['NEAR/USDT', '2025-09-13 18:28:00', '2.806', '2.806', '2.806', '2.806', '396.0']]
[2025-09-13T18:28:24.562+0000] {logging_mixin.py:190} INFO - Connect DuckDB Successfully!
[2025-09-13T18:28:26.731+0000] {logging_mixin.py:190} INFO - Create and Insert Data Successfully!
[2025-09-13T18:28:26.733+0000] {python.py:240} INFO - Done. Returned value was: None
[2025-09-13T18:28:26.756+0000] {taskinstance.py:340} INFO - ::group::Post task execution logs
[2025-09-13T18:28:26.757+0000] {taskinstance.py:352} INFO - Marking task as SUCCESS. dag_id=stock_mlops_pl, task_id=create_insert_data, run_id=manual__2025-09-13T18:28:16.201825+00:00, execution_date=20250913T182816, start_date=20250913T182822, end_date=20250913T182826
[2025-09-13T18:28:26.798+0000] {local_task_job_runner.py:261} INFO - Task exited with return code 0
[2025-09-13T18:28:26.831+0000] {taskinstance.py:3891} INFO - 0 downstream tasks scheduled from follow-on schedule check
[2025-09-13T18:28:26.836+0000] {local_task_job_runner.py:240} INFO - ::endgroup::
