[2025-09-14T06:05:05.043+0000] {local_task_job_runner.py:123} INFO - ::group::Pre task execution logs
[2025-09-14T06:05:05.073+0000] {taskinstance.py:2603} INFO - Dependencies all met for dep_context=non-requeueable deps ti=<TaskInstance: stock_mlops_pl.create_insert_data scheduled__2025-09-14T06:00:00+00:00 [queued]>
[2025-09-14T06:05:05.079+0000] {taskinstance.py:2603} INFO - Dependencies all met for dep_context=requeueable deps ti=<TaskInstance: stock_mlops_pl.create_insert_data scheduled__2025-09-14T06:00:00+00:00 [queued]>
[2025-09-14T06:05:05.080+0000] {taskinstance.py:2856} INFO - Starting attempt 1 of 6
[2025-09-14T06:05:05.090+0000] {taskinstance.py:2879} INFO - Executing <Task(_PythonDecoratedOperator): create_insert_data> on 2025-09-14 06:00:00+00:00
[2025-09-14T06:05:05.097+0000] {standard_task_runner.py:72} INFO - Started process 38673 to run task
[2025-09-14T06:05:05.099+0000] {standard_task_runner.py:104} INFO - Running: ['***', 'tasks', 'run', 'stock_mlops_pl', 'create_insert_data', 'scheduled__2025-09-14T06:00:00+00:00', '--job-id', '301', '--raw', '--subdir', 'DAGS_FOLDER/stock_mlops_pl.py', '--cfg-path', '/tmp/tmp_nr3gv6_']
[2025-09-14T06:05:05.102+0000] {standard_task_runner.py:105} INFO - Job 301: Subtask create_insert_data
[2025-09-14T06:05:05.193+0000] {task_command.py:467} INFO - Running <TaskInstance: stock_mlops_pl.create_insert_data scheduled__2025-09-14T06:00:00+00:00 [running]> on host 3a02a95ee454
[2025-09-14T06:05:05.325+0000] {taskinstance.py:3122} INFO - Exporting env vars: AIRFLOW_CTX_DAG_OWNER='Khuong' AIRFLOW_CTX_DAG_ID='stock_mlops_pl' AIRFLOW_CTX_TASK_ID='create_insert_data' AIRFLOW_CTX_EXECUTION_DATE='2025-09-14T06:00:00+00:00' AIRFLOW_CTX_TRY_NUMBER='1' AIRFLOW_CTX_DAG_RUN_ID='scheduled__2025-09-14T06:00:00+00:00'
[2025-09-14T06:05:05.327+0000] {taskinstance.py:731} INFO - ::endgroup::
[2025-09-14T06:05:07.428+0000] {logging_mixin.py:190} INFO - Connect DuckDB Successfully!
[2025-09-14T06:05:09.946+0000] {logging_mixin.py:190} INFO - Create and Insert Data Successfully!
[2025-09-14T06:05:09.947+0000] {python.py:240} INFO - Done. Returned value was: None
[2025-09-14T06:05:09.972+0000] {taskinstance.py:340} INFO - ::group::Post task execution logs
[2025-09-14T06:05:09.973+0000] {taskinstance.py:352} INFO - Marking task as SUCCESS. dag_id=stock_mlops_pl, task_id=create_insert_data, run_id=scheduled__2025-09-14T06:00:00+00:00, execution_date=20250914T060000, start_date=20250914T060505, end_date=20250914T060509
[2025-09-14T06:05:10.021+0000] {local_task_job_runner.py:261} INFO - Task exited with return code 0
[2025-09-14T06:05:10.057+0000] {taskinstance.py:3891} INFO - 0 downstream tasks scheduled from follow-on schedule check
[2025-09-14T06:05:10.061+0000] {local_task_job_runner.py:240} INFO - ::endgroup::
[2025-09-14T06:05:10.101+0000] {standard_task_runner.py:217} INFO - Process not found (most likely exited), stop collecting metrics
