[2025-09-13T18:16:40.719+0000] {local_task_job_runner.py:123} INFO - ::group::Pre task execution logs
[2025-09-13T18:16:40.750+0000] {taskinstance.py:2603} INFO - Dependencies all met for dep_context=non-requeueable deps ti=<TaskInstance: stock_mlops_pl.create_insert_data manual__2025-09-13T18:16:34.723530+00:00 [queued]>
[2025-09-13T18:16:40.760+0000] {taskinstance.py:2603} INFO - Dependencies all met for dep_context=requeueable deps ti=<TaskInstance: stock_mlops_pl.create_insert_data manual__2025-09-13T18:16:34.723530+00:00 [queued]>
[2025-09-13T18:16:40.762+0000] {taskinstance.py:2856} INFO - Starting attempt 1 of 6
[2025-09-13T18:16:40.775+0000] {taskinstance.py:2879} INFO - Executing <Task(_PythonDecoratedOperator): create_insert_data> on 2025-09-13 18:16:34.723530+00:00
[2025-09-13T18:16:40.783+0000] {standard_task_runner.py:72} INFO - Started process 381 to run task
[2025-09-13T18:16:40.786+0000] {standard_task_runner.py:104} INFO - Running: ['***', 'tasks', 'run', 'stock_mlops_pl', 'create_insert_data', 'manual__2025-09-13T18:16:34.723530+00:00', '--job-id', '56', '--raw', '--subdir', 'DAGS_FOLDER/stock_mlops_pl.py', '--cfg-path', '/tmp/tmp0u4x_abv']
[2025-09-13T18:16:40.789+0000] {standard_task_runner.py:105} INFO - Job 56: Subtask create_insert_data
[2025-09-13T18:16:40.892+0000] {task_command.py:467} INFO - Running <TaskInstance: stock_mlops_pl.create_insert_data manual__2025-09-13T18:16:34.723530+00:00 [running]> on host b58c557c95f4
[2025-09-13T18:16:41.042+0000] {taskinstance.py:3122} INFO - Exporting env vars: AIRFLOW_CTX_DAG_OWNER='Khuong' AIRFLOW_CTX_DAG_ID='stock_mlops_pl' AIRFLOW_CTX_TASK_ID='create_insert_data' AIRFLOW_CTX_EXECUTION_DATE='2025-09-13T18:16:34.723530+00:00' AIRFLOW_CTX_TRY_NUMBER='1' AIRFLOW_CTX_DAG_RUN_ID='manual__2025-09-13T18:16:34.723530+00:00'
[2025-09-13T18:16:41.044+0000] {taskinstance.py:731} INFO - ::endgroup::
[2025-09-13T18:16:41.078+0000] {logging_mixin.py:190} INFO - [['NEAR/USDT', '2025-09-13 18:12:00', '2.799', '2.801', '2.796', '2.8', '5303.7'], ['NEAR/USDT', '2025-09-13 18:13:00', '2.801', '2.801', '2.8', '2.8', '327.7'], ['NEAR/USDT', '2025-09-13 18:14:00', '2.8', '2.803', '2.8', '2.802', '7467.1'], ['NEAR/USDT', '2025-09-13 18:15:00', '2.802', '2.804', '2.798', '2.798', '1493.5'], ['NEAR/USDT', '2025-09-13 18:16:00', '2.798', '2.798', '2.797', '2.798', '2085.5']]
[2025-09-13T18:16:42.967+0000] {logging_mixin.py:190} INFO - Connect DuckDB Successfully!
[2025-09-13T18:16:45.190+0000] {logging_mixin.py:190} INFO - Create and Insert Data Successfully!
[2025-09-13T18:16:45.192+0000] {python.py:240} INFO - Done. Returned value was: None
[2025-09-13T18:16:45.215+0000] {taskinstance.py:340} INFO - ::group::Post task execution logs
[2025-09-13T18:16:45.216+0000] {taskinstance.py:352} INFO - Marking task as SUCCESS. dag_id=stock_mlops_pl, task_id=create_insert_data, run_id=manual__2025-09-13T18:16:34.723530+00:00, execution_date=20250913T181634, start_date=20250913T181640, end_date=20250913T181645
[2025-09-13T18:16:45.260+0000] {local_task_job_runner.py:261} INFO - Task exited with return code 0
[2025-09-13T18:16:45.290+0000] {taskinstance.py:3891} INFO - 0 downstream tasks scheduled from follow-on schedule check
[2025-09-13T18:16:45.293+0000] {local_task_job_runner.py:240} INFO - ::endgroup::
