[2025-09-13T20:41:05.914+0000] {local_task_job_runner.py:123} INFO - ::group::Pre task execution logs
[2025-09-13T20:41:05.948+0000] {taskinstance.py:2603} INFO - Dependencies all met for dep_context=non-requeueable deps ti=<TaskInstance: stock_mlops_pl.get_data scheduled__2025-09-12T00:00:00+00:00 [queued]>
[2025-09-13T20:41:05.956+0000] {taskinstance.py:2603} INFO - Dependencies all met for dep_context=requeueable deps ti=<TaskInstance: stock_mlops_pl.get_data scheduled__2025-09-12T00:00:00+00:00 [queued]>
[2025-09-13T20:41:05.957+0000] {taskinstance.py:2856} INFO - Starting attempt 1 of 6
[2025-09-13T20:41:05.970+0000] {taskinstance.py:2879} INFO - Executing <Task(_PythonDecoratedOperator): get_data> on 2025-09-12 00:00:00+00:00
[2025-09-13T20:41:05.977+0000] {standard_task_runner.py:72} INFO - Started process 8005 to run task
[2025-09-13T20:41:05.980+0000] {standard_task_runner.py:104} INFO - Running: ['***', 'tasks', 'run', 'stock_mlops_pl', 'get_data', 'scheduled__2025-09-12T00:00:00+00:00', '--job-id', '65', '--raw', '--subdir', 'DAGS_FOLDER/stock_mlops_pl.py', '--cfg-path', '/tmp/tmpcq4c57f_']
[2025-09-13T20:41:05.984+0000] {standard_task_runner.py:105} INFO - Job 65: Subtask get_data
[2025-09-13T20:41:06.102+0000] {task_command.py:467} INFO - Running <TaskInstance: stock_mlops_pl.get_data scheduled__2025-09-12T00:00:00+00:00 [running]> on host b58c557c95f4
[2025-09-13T20:41:06.262+0000] {taskinstance.py:3122} INFO - Exporting env vars: AIRFLOW_CTX_DAG_OWNER='Khuong' AIRFLOW_CTX_DAG_ID='stock_mlops_pl' AIRFLOW_CTX_TASK_ID='get_data' AIRFLOW_CTX_EXECUTION_DATE='2025-09-12T00:00:00+00:00' AIRFLOW_CTX_TRY_NUMBER='1' AIRFLOW_CTX_DAG_RUN_ID='scheduled__2025-09-12T00:00:00+00:00'
[2025-09-13T20:41:06.264+0000] {taskinstance.py:731} INFO - ::endgroup::
[2025-09-13T20:41:08.535+0000] {python.py:240} INFO - Done. Returned value was: None
[2025-09-13T20:41:08.563+0000] {taskinstance.py:340} INFO - ::group::Post task execution logs
[2025-09-13T20:41:08.564+0000] {taskinstance.py:352} INFO - Marking task as SUCCESS. dag_id=stock_mlops_pl, task_id=get_data, run_id=scheduled__2025-09-12T00:00:00+00:00, execution_date=20250912T000000, start_date=20250913T204105, end_date=20250913T204108
[2025-09-13T20:41:08.607+0000] {local_task_job_runner.py:261} INFO - Task exited with return code 0
[2025-09-13T20:41:08.644+0000] {taskinstance.py:3891} INFO - 1 downstream tasks scheduled from follow-on schedule check
[2025-09-13T20:41:08.647+0000] {local_task_job_runner.py:240} INFO - ::endgroup::
[2025-09-13T20:52:12.310+0000] {local_task_job_runner.py:123} INFO - ::group::Pre task execution logs
[2025-09-13T20:52:12.342+0000] {taskinstance.py:2603} INFO - Dependencies all met for dep_context=non-requeueable deps ti=<TaskInstance: stock_mlops_pl.get_data scheduled__2025-09-12T00:00:00+00:00 [queued]>
[2025-09-13T20:52:12.350+0000] {taskinstance.py:2603} INFO - Dependencies all met for dep_context=requeueable deps ti=<TaskInstance: stock_mlops_pl.get_data scheduled__2025-09-12T00:00:00+00:00 [queued]>
[2025-09-13T20:52:12.351+0000] {taskinstance.py:2856} INFO - Starting attempt 1 of 6
[2025-09-13T20:52:12.362+0000] {taskinstance.py:2879} INFO - Executing <Task(_PythonDecoratedOperator): get_data> on 2025-09-12 00:00:00+00:00
[2025-09-13T20:52:12.369+0000] {standard_task_runner.py:72} INFO - Started process 310 to run task
[2025-09-13T20:52:12.372+0000] {standard_task_runner.py:104} INFO - Running: ['***', 'tasks', 'run', 'stock_mlops_pl', 'get_data', 'scheduled__2025-09-12T00:00:00+00:00', '--job-id', '74', '--raw', '--subdir', 'DAGS_FOLDER/stock_mlops_pl.py', '--cfg-path', '/tmp/tmp4uutaxyl']
[2025-09-13T20:52:12.375+0000] {standard_task_runner.py:105} INFO - Job 74: Subtask get_data
[2025-09-13T20:52:12.482+0000] {task_command.py:467} INFO - Running <TaskInstance: stock_mlops_pl.get_data scheduled__2025-09-12T00:00:00+00:00 [running]> on host df17d1c167c8
[2025-09-13T20:52:12.631+0000] {taskinstance.py:3122} INFO - Exporting env vars: AIRFLOW_CTX_DAG_OWNER='Khuong' AIRFLOW_CTX_DAG_ID='stock_mlops_pl' AIRFLOW_CTX_TASK_ID='get_data' AIRFLOW_CTX_EXECUTION_DATE='2025-09-12T00:00:00+00:00' AIRFLOW_CTX_TRY_NUMBER='1' AIRFLOW_CTX_DAG_RUN_ID='scheduled__2025-09-12T00:00:00+00:00'
[2025-09-13T20:52:12.633+0000] {taskinstance.py:731} INFO - ::endgroup::
[2025-09-13T20:52:14.867+0000] {python.py:240} INFO - Done. Returned value was: None
[2025-09-13T20:52:14.894+0000] {taskinstance.py:340} INFO - ::group::Post task execution logs
[2025-09-13T20:52:14.894+0000] {taskinstance.py:352} INFO - Marking task as SUCCESS. dag_id=stock_mlops_pl, task_id=get_data, run_id=scheduled__2025-09-12T00:00:00+00:00, execution_date=20250912T000000, start_date=20250913T205212, end_date=20250913T205214
[2025-09-13T20:52:14.956+0000] {local_task_job_runner.py:261} INFO - Task exited with return code 0
[2025-09-13T20:52:14.996+0000] {taskinstance.py:3891} INFO - 1 downstream tasks scheduled from follow-on schedule check
[2025-09-13T20:52:15.000+0000] {local_task_job_runner.py:240} INFO - ::endgroup::
