[2025-09-13T17:48:25.943+0000] {local_task_job_runner.py:123} INFO - ::group::Pre task execution logs
[2025-09-13T17:48:25.973+0000] {taskinstance.py:2603} INFO - Dependencies all met for dep_context=non-requeueable deps ti=<TaskInstance: stock_mlops_pl.create_insert_data manual__2025-09-13T17:48:20.750071+00:00 [queued]>
[2025-09-13T17:48:25.980+0000] {taskinstance.py:2603} INFO - Dependencies all met for dep_context=requeueable deps ti=<TaskInstance: stock_mlops_pl.create_insert_data manual__2025-09-13T17:48:20.750071+00:00 [queued]>
[2025-09-13T17:48:25.981+0000] {taskinstance.py:2856} INFO - Starting attempt 1 of 6
[2025-09-13T17:48:25.990+0000] {taskinstance.py:2879} INFO - Executing <Task(_PythonDecoratedOperator): create_insert_data> on 2025-09-13 17:48:20.750071+00:00
[2025-09-13T17:48:25.998+0000] {standard_task_runner.py:72} INFO - Started process 8122 to run task
[2025-09-13T17:48:26.001+0000] {standard_task_runner.py:104} INFO - Running: ['***', 'tasks', 'run', 'stock_mlops_pl', 'create_insert_data', 'manual__2025-09-13T17:48:20.750071+00:00', '--job-id', '36', '--raw', '--subdir', 'DAGS_FOLDER/stock_mlops_pl.py', '--cfg-path', '/tmp/tmp_a8beu1u']
[2025-09-13T17:48:26.004+0000] {standard_task_runner.py:105} INFO - Job 36: Subtask create_insert_data
[2025-09-13T17:48:26.112+0000] {task_command.py:467} INFO - Running <TaskInstance: stock_mlops_pl.create_insert_data manual__2025-09-13T17:48:20.750071+00:00 [running]> on host 2b9240d99b24
[2025-09-13T17:48:26.268+0000] {taskinstance.py:3122} INFO - Exporting env vars: AIRFLOW_CTX_DAG_OWNER='Khuong' AIRFLOW_CTX_DAG_ID='stock_mlops_pl' AIRFLOW_CTX_TASK_ID='create_insert_data' AIRFLOW_CTX_EXECUTION_DATE='2025-09-13T17:48:20.750071+00:00' AIRFLOW_CTX_TRY_NUMBER='1' AIRFLOW_CTX_DAG_RUN_ID='manual__2025-09-13T17:48:20.750071+00:00'
[2025-09-13T17:48:26.270+0000] {taskinstance.py:731} INFO - ::endgroup::
[2025-09-13T17:48:26.299+0000] {logging_mixin.py:190} INFO - [['NEAR/USDT', '2025-09-13 17:44:00', '2.802', '2.803', '2.801', '2.802', '5954.8'], ['NEAR/USDT', '2025-09-13 17:45:00', '2.802', '2.803', '2.801', '2.801', '311.7'], ['NEAR/USDT', '2025-09-13 17:46:00', '2.802', '2.805', '2.802', '2.803', '7888.0'], ['NEAR/USDT', '2025-09-13 17:47:00', '2.804', '2.807', '2.804', '2.806', '1772.8'], ['NEAR/USDT', '2025-09-13 17:48:00', '2.806', '2.807', '2.805', '2.805', '1961.3']]
[2025-09-13T17:48:28.191+0000] {logging_mixin.py:190} INFO - Connect DuckDB Successfully!
[2025-09-13T17:48:30.318+0000] {logging_mixin.py:190} INFO - Create and Insert Data Successfully!
[2025-09-13T17:48:30.319+0000] {python.py:240} INFO - Done. Returned value was: None
[2025-09-13T17:48:30.345+0000] {taskinstance.py:340} INFO - ::group::Post task execution logs
[2025-09-13T17:48:30.346+0000] {taskinstance.py:352} INFO - Marking task as SUCCESS. dag_id=stock_mlops_pl, task_id=create_insert_data, run_id=manual__2025-09-13T17:48:20.750071+00:00, execution_date=20250913T174820, start_date=20250913T174825, end_date=20250913T174830
[2025-09-13T17:48:30.396+0000] {local_task_job_runner.py:261} INFO - Task exited with return code 0
[2025-09-13T17:48:30.431+0000] {taskinstance.py:3891} INFO - 0 downstream tasks scheduled from follow-on schedule check
[2025-09-13T17:48:30.434+0000] {local_task_job_runner.py:240} INFO - ::endgroup::
