[2025-09-13T16:12:59.857+0000] {local_task_job_runner.py:123} INFO - ::group::Pre task execution logs
[2025-09-13T16:12:59.889+0000] {taskinstance.py:2603} INFO - Dependencies all met for dep_context=non-requeueable deps ti=<TaskInstance: stock_mlops_pl.create_insesrt_data manual__2025-09-13T16:12:47.121362+00:00 [queued]>
[2025-09-13T16:12:59.896+0000] {taskinstance.py:2603} INFO - Dependencies all met for dep_context=requeueable deps ti=<TaskInstance: stock_mlops_pl.create_insesrt_data manual__2025-09-13T16:12:47.121362+00:00 [queued]>
[2025-09-13T16:12:59.897+0000] {taskinstance.py:2856} INFO - Starting attempt 1 of 6
[2025-09-13T16:12:59.909+0000] {taskinstance.py:2879} INFO - Executing <Task(_PythonDecoratedOperator): create_insesrt_data> on 2025-09-13 16:12:47.121362+00:00
[2025-09-13T16:12:59.918+0000] {standard_task_runner.py:72} INFO - Started process 785 to run task
[2025-09-13T16:12:59.921+0000] {standard_task_runner.py:104} INFO - Running: ['***', 'tasks', 'run', 'stock_mlops_pl', 'create_insesrt_data', 'manual__2025-09-13T16:12:47.121362+00:00', '--job-id', '23', '--raw', '--subdir', 'DAGS_FOLDER/stock_mlops_pl.py', '--cfg-path', '/tmp/tmp_td3tiby']
[2025-09-13T16:12:59.924+0000] {standard_task_runner.py:105} INFO - Job 23: Subtask create_insesrt_data
[2025-09-13T16:13:00.033+0000] {task_command.py:467} INFO - Running <TaskInstance: stock_mlops_pl.create_insesrt_data manual__2025-09-13T16:12:47.121362+00:00 [running]> on host 2b9240d99b24
[2025-09-13T16:13:00.171+0000] {taskinstance.py:3122} INFO - Exporting env vars: AIRFLOW_CTX_DAG_OWNER='Khuong' AIRFLOW_CTX_DAG_ID='stock_mlops_pl' AIRFLOW_CTX_TASK_ID='create_insesrt_data' AIRFLOW_CTX_EXECUTION_DATE='2025-09-13T16:12:47.121362+00:00' AIRFLOW_CTX_TRY_NUMBER='1' AIRFLOW_CTX_DAG_RUN_ID='manual__2025-09-13T16:12:47.121362+00:00'
[2025-09-13T16:13:00.173+0000] {taskinstance.py:731} INFO - ::endgroup::
[2025-09-13T16:13:00.200+0000] {logging_mixin.py:190} INFO - None
[2025-09-13T16:16:48.652+0000] {local_task_job_runner.py:341} WARNING - State of this instance has been externally set to failed. Terminating instance.
[2025-09-13T16:16:48.653+0000] {local_task_job_runner.py:240} INFO - ::endgroup::
[2025-09-13T16:16:48.655+0000] {process_utils.py:132} INFO - Sending 15 to group 785. PIDs of all processes in the group: [785]
[2025-09-13T16:16:48.656+0000] {process_utils.py:87} INFO - Sending the signal 15 to group 785
[2025-09-13T16:17:48.657+0000] {process_utils.py:150} WARNING - process psutil.Process(pid=785, name='airflow task ru', status='sleeping', started='16:12:59') did not respond to SIGTERM. Trying SIGKILL
[2025-09-13T16:17:48.658+0000] {process_utils.py:87} INFO - Sending the signal 9 to group 785
[2025-09-13T16:17:48.672+0000] {process_utils.py:80} INFO - Process psutil.Process(pid=785, name='airflow task ru', status='terminated', exitcode=<Negsignal.SIGKILL: -9>, started='16:12:59') (785) terminated with exit code -9
[2025-09-13T16:17:48.674+0000] {standard_task_runner.py:190} ERROR - ('Job 23 was killed before it finished (likely due to running out of memory)', 'For more information, see https://***.apache.org/docs/apache-***/stable/troubleshooting.html#LocalTaskJob-killed')
