[2025-09-13T16:23:08.718+0000] {local_task_job_runner.py:123} INFO - ::group::Pre task execution logs
[2025-09-13T16:23:08.752+0000] {taskinstance.py:2603} INFO - Dependencies all met for dep_context=non-requeueable deps ti=<TaskInstance: stock_mlops_pl.create_insesrt_data manual__2025-09-13T16:23:03.545907+00:00 [queued]>
[2025-09-13T16:23:08.758+0000] {taskinstance.py:2603} INFO - Dependencies all met for dep_context=requeueable deps ti=<TaskInstance: stock_mlops_pl.create_insesrt_data manual__2025-09-13T16:23:03.545907+00:00 [queued]>
[2025-09-13T16:23:08.760+0000] {taskinstance.py:2856} INFO - Starting attempt 1 of 6
[2025-09-13T16:23:08.771+0000] {taskinstance.py:2879} INFO - Executing <Task(_PythonDecoratedOperator): create_insesrt_data> on 2025-09-13 16:23:03.545907+00:00
[2025-09-13T16:23:08.779+0000] {standard_task_runner.py:72} INFO - Started process 3592 to run task
[2025-09-13T16:23:08.783+0000] {standard_task_runner.py:104} INFO - Running: ['***', 'tasks', 'run', 'stock_mlops_pl', 'create_insesrt_data', 'manual__2025-09-13T16:23:03.545907+00:00', '--job-id', '28', '--raw', '--subdir', 'DAGS_FOLDER/stock_mlops_pl.py', '--cfg-path', '/tmp/tmpyn3a4cn3']
[2025-09-13T16:23:08.786+0000] {standard_task_runner.py:105} INFO - Job 28: Subtask create_insesrt_data
[2025-09-13T16:23:08.890+0000] {task_command.py:467} INFO - Running <TaskInstance: stock_mlops_pl.create_insesrt_data manual__2025-09-13T16:23:03.545907+00:00 [running]> on host 2b9240d99b24
[2025-09-13T16:23:09.027+0000] {taskinstance.py:3122} INFO - Exporting env vars: AIRFLOW_CTX_DAG_OWNER='Khuong' AIRFLOW_CTX_DAG_ID='stock_mlops_pl' AIRFLOW_CTX_TASK_ID='create_insesrt_data' AIRFLOW_CTX_EXECUTION_DATE='2025-09-13T16:23:03.545907+00:00' AIRFLOW_CTX_TRY_NUMBER='1' AIRFLOW_CTX_DAG_RUN_ID='manual__2025-09-13T16:23:03.545907+00:00'
[2025-09-13T16:23:09.029+0000] {taskinstance.py:731} INFO - ::endgroup::
[2025-09-13T16:23:10.619+0000] {logging_mixin.py:190} INFO - [('NEAR/USDT', '2025-09-13 16:19:00', '2.814', '2.82', '2.813', '2.819', '4365.8'), ('NEAR/USDT', '2025-09-13 16:20:00', '2.819', '2.822', '2.815', '2.816', '5713.8'), ('NEAR/USDT', '2025-09-13 16:21:00', '2.817', '2.817', '2.813', '2.813', '7213.4'), ('NEAR/USDT', '2025-09-13 16:22:00', '2.813', '2.814', '2.81', '2.814', '15458.2'), ('NEAR/USDT', '2025-09-13 16:23:00', '2.814', '2.816', '2.814', '2.815', '406.0')]
[2025-09-13T16:23:12.448+0000] {logging_mixin.py:190} INFO - Connect DuckDB Successfully!
[2025-09-13T16:23:14.586+0000] {logging_mixin.py:190} INFO - Create and Insert Data Successfully!
[2025-09-13T16:23:14.588+0000] {python.py:240} INFO - Done. Returned value was: None
[2025-09-13T16:23:14.614+0000] {taskinstance.py:340} INFO - ::group::Post task execution logs
[2025-09-13T16:23:14.615+0000] {taskinstance.py:352} INFO - Marking task as SUCCESS. dag_id=stock_mlops_pl, task_id=create_insesrt_data, run_id=manual__2025-09-13T16:23:03.545907+00:00, execution_date=20250913T162303, start_date=20250913T162308, end_date=20250913T162314
[2025-09-13T16:23:14.656+0000] {local_task_job_runner.py:261} INFO - Task exited with return code 0
[2025-09-13T16:23:14.690+0000] {taskinstance.py:3891} INFO - 0 downstream tasks scheduled from follow-on schedule check
[2025-09-13T16:23:14.693+0000] {local_task_job_runner.py:240} INFO - ::endgroup::
