[2025-09-13T16:10:45.932+0000] {processor.py:186} INFO - Started process (PID=216) to work on /opt/airflow/dags/phimville_pl.py
[2025-09-13T16:10:45.933+0000] {processor.py:914} INFO - Processing file /opt/airflow/dags/phimville_pl.py for tasks to queue
[2025-09-13T16:10:45.935+0000] {logging_mixin.py:190} INFO - [2025-09-13T16:10:45.935+0000] {dagbag.py:587} INFO - Filling up the DagBag from /opt/airflow/dags/phimville_pl.py
[2025-09-13T16:10:46.493+0000] {processor.py:925} INFO - DAG(s) 'phimville_pl' retrieved from /opt/airflow/dags/phimville_pl.py
[2025-09-13T16:10:46.537+0000] {logging_mixin.py:190} INFO - [2025-09-13T16:10:46.536+0000] {dag.py:3211} INFO - Sync 1 DAGs
[2025-09-13T16:10:46.557+0000] {logging_mixin.py:190} INFO - [2025-09-13T16:10:46.557+0000] {dag.py:4138} INFO - Setting next_dagrun for phimville_pl to None, run_after=None
[2025-09-13T16:10:46.587+0000] {processor.py:208} INFO - Processing /opt/airflow/dags/phimville_pl.py took 0.660 seconds
[2025-09-13T16:11:29.756+0000] {processor.py:186} INFO - Started process (PID=188) to work on /opt/airflow/dags/phimville_pl.py
[2025-09-13T16:11:29.757+0000] {processor.py:914} INFO - Processing file /opt/airflow/dags/phimville_pl.py for tasks to queue
[2025-09-13T16:11:29.759+0000] {logging_mixin.py:190} INFO - [2025-09-13T16:11:29.759+0000] {dagbag.py:587} INFO - Filling up the DagBag from /opt/airflow/dags/phimville_pl.py
[2025-09-13T16:11:30.105+0000] {processor.py:925} INFO - DAG(s) 'phimville_pl' retrieved from /opt/airflow/dags/phimville_pl.py
[2025-09-13T16:11:30.159+0000] {logging_mixin.py:190} INFO - [2025-09-13T16:11:30.158+0000] {dag.py:3211} INFO - Sync 1 DAGs
[2025-09-13T16:11:30.180+0000] {logging_mixin.py:190} INFO - [2025-09-13T16:11:30.179+0000] {dag.py:4138} INFO - Setting next_dagrun for phimville_pl to None, run_after=None
[2025-09-13T16:11:30.211+0000] {processor.py:208} INFO - Processing /opt/airflow/dags/phimville_pl.py took 0.460 seconds
[2025-09-13T16:12:00.595+0000] {processor.py:186} INFO - Started process (PID=313) to work on /opt/airflow/dags/phimville_pl.py
[2025-09-13T16:12:00.596+0000] {processor.py:914} INFO - Processing file /opt/airflow/dags/phimville_pl.py for tasks to queue
[2025-09-13T16:12:00.600+0000] {logging_mixin.py:190} INFO - [2025-09-13T16:12:00.600+0000] {dagbag.py:587} INFO - Filling up the DagBag from /opt/airflow/dags/phimville_pl.py
[2025-09-13T16:12:00.923+0000] {processor.py:925} INFO - DAG(s) 'phimville_pl' retrieved from /opt/airflow/dags/phimville_pl.py
[2025-09-13T16:12:00.975+0000] {logging_mixin.py:190} INFO - [2025-09-13T16:12:00.974+0000] {dag.py:3211} INFO - Sync 1 DAGs
[2025-09-13T16:12:00.996+0000] {logging_mixin.py:190} INFO - [2025-09-13T16:12:00.996+0000] {dag.py:4138} INFO - Setting next_dagrun for phimville_pl to None, run_after=None
[2025-09-13T16:12:01.022+0000] {processor.py:208} INFO - Processing /opt/airflow/dags/phimville_pl.py took 0.434 seconds
[2025-09-13T16:12:31.940+0000] {processor.py:186} INFO - Started process (PID=446) to work on /opt/airflow/dags/phimville_pl.py
[2025-09-13T16:12:31.941+0000] {processor.py:914} INFO - Processing file /opt/airflow/dags/phimville_pl.py for tasks to queue
[2025-09-13T16:12:31.943+0000] {logging_mixin.py:190} INFO - [2025-09-13T16:12:31.943+0000] {dagbag.py:587} INFO - Filling up the DagBag from /opt/airflow/dags/phimville_pl.py
[2025-09-13T16:12:32.225+0000] {processor.py:925} INFO - DAG(s) 'phimville_pl' retrieved from /opt/airflow/dags/phimville_pl.py
[2025-09-13T16:12:32.263+0000] {logging_mixin.py:190} INFO - [2025-09-13T16:12:32.263+0000] {dag.py:3211} INFO - Sync 1 DAGs
[2025-09-13T16:12:32.280+0000] {logging_mixin.py:190} INFO - [2025-09-13T16:12:32.280+0000] {dag.py:4138} INFO - Setting next_dagrun for phimville_pl to None, run_after=None
[2025-09-13T16:12:32.307+0000] {processor.py:208} INFO - Processing /opt/airflow/dags/phimville_pl.py took 0.371 seconds
[2025-09-13T16:13:02.559+0000] {processor.py:186} INFO - Started process (PID=792) to work on /opt/airflow/dags/phimville_pl.py
[2025-09-13T16:13:02.560+0000] {processor.py:914} INFO - Processing file /opt/airflow/dags/phimville_pl.py for tasks to queue
[2025-09-13T16:13:02.562+0000] {logging_mixin.py:190} INFO - [2025-09-13T16:13:02.561+0000] {dagbag.py:587} INFO - Filling up the DagBag from /opt/airflow/dags/phimville_pl.py
[2025-09-13T16:13:02.904+0000] {processor.py:925} INFO - DAG(s) 'phimville_pl' retrieved from /opt/airflow/dags/phimville_pl.py
[2025-09-13T16:13:02.949+0000] {logging_mixin.py:190} INFO - [2025-09-13T16:13:02.948+0000] {dag.py:3211} INFO - Sync 1 DAGs
[2025-09-13T16:13:02.967+0000] {logging_mixin.py:190} INFO - [2025-09-13T16:13:02.967+0000] {dag.py:4138} INFO - Setting next_dagrun for phimville_pl to None, run_after=None
[2025-09-13T16:13:02.996+0000] {processor.py:208} INFO - Processing /opt/airflow/dags/phimville_pl.py took 0.443 seconds
[2025-09-13T16:13:33.247+0000] {processor.py:186} INFO - Started process (PID=927) to work on /opt/airflow/dags/phimville_pl.py
[2025-09-13T16:13:33.249+0000] {processor.py:914} INFO - Processing file /opt/airflow/dags/phimville_pl.py for tasks to queue
[2025-09-13T16:13:33.252+0000] {logging_mixin.py:190} INFO - [2025-09-13T16:13:33.251+0000] {dagbag.py:587} INFO - Filling up the DagBag from /opt/airflow/dags/phimville_pl.py
[2025-09-13T16:13:33.541+0000] {processor.py:925} INFO - DAG(s) 'phimville_pl' retrieved from /opt/airflow/dags/phimville_pl.py
[2025-09-13T16:13:33.584+0000] {logging_mixin.py:190} INFO - [2025-09-13T16:13:33.584+0000] {dag.py:3211} INFO - Sync 1 DAGs
[2025-09-13T16:13:33.599+0000] {logging_mixin.py:190} INFO - [2025-09-13T16:13:33.599+0000] {dag.py:4138} INFO - Setting next_dagrun for phimville_pl to None, run_after=None
[2025-09-13T16:13:33.623+0000] {processor.py:208} INFO - Processing /opt/airflow/dags/phimville_pl.py took 0.381 seconds
[2025-09-13T16:14:03.870+0000] {processor.py:186} INFO - Started process (PID=1058) to work on /opt/airflow/dags/phimville_pl.py
[2025-09-13T16:14:03.871+0000] {processor.py:914} INFO - Processing file /opt/airflow/dags/phimville_pl.py for tasks to queue
[2025-09-13T16:14:03.872+0000] {logging_mixin.py:190} INFO - [2025-09-13T16:14:03.872+0000] {dagbag.py:587} INFO - Filling up the DagBag from /opt/airflow/dags/phimville_pl.py
[2025-09-13T16:14:04.170+0000] {processor.py:925} INFO - DAG(s) 'phimville_pl' retrieved from /opt/airflow/dags/phimville_pl.py
[2025-09-13T16:14:04.214+0000] {logging_mixin.py:190} INFO - [2025-09-13T16:14:04.214+0000] {dag.py:3211} INFO - Sync 1 DAGs
[2025-09-13T16:14:04.232+0000] {logging_mixin.py:190} INFO - [2025-09-13T16:14:04.232+0000] {dag.py:4138} INFO - Setting next_dagrun for phimville_pl to None, run_after=None
[2025-09-13T16:14:04.264+0000] {processor.py:208} INFO - Processing /opt/airflow/dags/phimville_pl.py took 0.399 seconds
[2025-09-13T16:14:34.351+0000] {processor.py:186} INFO - Started process (PID=1186) to work on /opt/airflow/dags/phimville_pl.py
[2025-09-13T16:14:34.352+0000] {processor.py:914} INFO - Processing file /opt/airflow/dags/phimville_pl.py for tasks to queue
[2025-09-13T16:14:34.355+0000] {logging_mixin.py:190} INFO - [2025-09-13T16:14:34.355+0000] {dagbag.py:587} INFO - Filling up the DagBag from /opt/airflow/dags/phimville_pl.py
[2025-09-13T16:14:34.682+0000] {processor.py:925} INFO - DAG(s) 'phimville_pl' retrieved from /opt/airflow/dags/phimville_pl.py
[2025-09-13T16:14:34.730+0000] {logging_mixin.py:190} INFO - [2025-09-13T16:14:34.730+0000] {dag.py:3211} INFO - Sync 1 DAGs
[2025-09-13T16:14:34.747+0000] {logging_mixin.py:190} INFO - [2025-09-13T16:14:34.747+0000] {dag.py:4138} INFO - Setting next_dagrun for phimville_pl to None, run_after=None
[2025-09-13T16:14:34.768+0000] {processor.py:208} INFO - Processing /opt/airflow/dags/phimville_pl.py took 0.422 seconds
[2025-09-13T16:15:05.025+0000] {processor.py:186} INFO - Started process (PID=1314) to work on /opt/airflow/dags/phimville_pl.py
[2025-09-13T16:15:05.027+0000] {processor.py:914} INFO - Processing file /opt/airflow/dags/phimville_pl.py for tasks to queue
[2025-09-13T16:15:05.029+0000] {logging_mixin.py:190} INFO - [2025-09-13T16:15:05.029+0000] {dagbag.py:587} INFO - Filling up the DagBag from /opt/airflow/dags/phimville_pl.py
[2025-09-13T16:15:05.332+0000] {processor.py:925} INFO - DAG(s) 'phimville_pl' retrieved from /opt/airflow/dags/phimville_pl.py
[2025-09-13T16:15:05.377+0000] {logging_mixin.py:190} INFO - [2025-09-13T16:15:05.376+0000] {dag.py:3211} INFO - Sync 1 DAGs
[2025-09-13T16:15:05.396+0000] {logging_mixin.py:190} INFO - [2025-09-13T16:15:05.396+0000] {dag.py:4138} INFO - Setting next_dagrun for phimville_pl to None, run_after=None
[2025-09-13T16:15:05.429+0000] {processor.py:208} INFO - Processing /opt/airflow/dags/phimville_pl.py took 0.410 seconds
[2025-09-13T16:15:35.678+0000] {processor.py:186} INFO - Started process (PID=1442) to work on /opt/airflow/dags/phimville_pl.py
[2025-09-13T16:15:35.679+0000] {processor.py:914} INFO - Processing file /opt/airflow/dags/phimville_pl.py for tasks to queue
[2025-09-13T16:15:35.681+0000] {logging_mixin.py:190} INFO - [2025-09-13T16:15:35.681+0000] {dagbag.py:587} INFO - Filling up the DagBag from /opt/airflow/dags/phimville_pl.py
[2025-09-13T16:15:35.980+0000] {processor.py:925} INFO - DAG(s) 'phimville_pl' retrieved from /opt/airflow/dags/phimville_pl.py
[2025-09-13T16:15:36.027+0000] {logging_mixin.py:190} INFO - [2025-09-13T16:15:36.027+0000] {dag.py:3211} INFO - Sync 1 DAGs
[2025-09-13T16:15:36.045+0000] {logging_mixin.py:190} INFO - [2025-09-13T16:15:36.045+0000] {dag.py:4138} INFO - Setting next_dagrun for phimville_pl to None, run_after=None
[2025-09-13T16:15:36.078+0000] {processor.py:208} INFO - Processing /opt/airflow/dags/phimville_pl.py took 0.406 seconds
[2025-09-13T16:16:06.172+0000] {processor.py:186} INFO - Started process (PID=1570) to work on /opt/airflow/dags/phimville_pl.py
[2025-09-13T16:16:06.174+0000] {processor.py:914} INFO - Processing file /opt/airflow/dags/phimville_pl.py for tasks to queue
[2025-09-13T16:16:06.176+0000] {logging_mixin.py:190} INFO - [2025-09-13T16:16:06.176+0000] {dagbag.py:587} INFO - Filling up the DagBag from /opt/airflow/dags/phimville_pl.py
[2025-09-13T16:16:06.504+0000] {processor.py:925} INFO - DAG(s) 'phimville_pl' retrieved from /opt/airflow/dags/phimville_pl.py
[2025-09-13T16:16:06.557+0000] {logging_mixin.py:190} INFO - [2025-09-13T16:16:06.556+0000] {dag.py:3211} INFO - Sync 1 DAGs
[2025-09-13T16:16:06.575+0000] {logging_mixin.py:190} INFO - [2025-09-13T16:16:06.575+0000] {dag.py:4138} INFO - Setting next_dagrun for phimville_pl to None, run_after=None
[2025-09-13T16:16:06.608+0000] {processor.py:208} INFO - Processing /opt/airflow/dags/phimville_pl.py took 0.441 seconds
[2025-09-13T16:16:37.416+0000] {processor.py:186} INFO - Started process (PID=1698) to work on /opt/airflow/dags/phimville_pl.py
[2025-09-13T16:16:37.417+0000] {processor.py:914} INFO - Processing file /opt/airflow/dags/phimville_pl.py for tasks to queue
[2025-09-13T16:16:37.420+0000] {logging_mixin.py:190} INFO - [2025-09-13T16:16:37.420+0000] {dagbag.py:587} INFO - Filling up the DagBag from /opt/airflow/dags/phimville_pl.py
[2025-09-13T16:16:37.721+0000] {processor.py:925} INFO - DAG(s) 'phimville_pl' retrieved from /opt/airflow/dags/phimville_pl.py
[2025-09-13T16:16:37.767+0000] {logging_mixin.py:190} INFO - [2025-09-13T16:16:37.766+0000] {dag.py:3211} INFO - Sync 1 DAGs
[2025-09-13T16:16:37.785+0000] {logging_mixin.py:190} INFO - [2025-09-13T16:16:37.785+0000] {dag.py:4138} INFO - Setting next_dagrun for phimville_pl to None, run_after=None
[2025-09-13T16:16:37.818+0000] {processor.py:208} INFO - Processing /opt/airflow/dags/phimville_pl.py took 0.405 seconds
[2025-09-13T16:17:08.061+0000] {processor.py:186} INFO - Started process (PID=1937) to work on /opt/airflow/dags/phimville_pl.py
[2025-09-13T16:17:08.063+0000] {processor.py:914} INFO - Processing file /opt/airflow/dags/phimville_pl.py for tasks to queue
[2025-09-13T16:17:08.066+0000] {logging_mixin.py:190} INFO - [2025-09-13T16:17:08.066+0000] {dagbag.py:587} INFO - Filling up the DagBag from /opt/airflow/dags/phimville_pl.py
[2025-09-13T16:17:08.368+0000] {processor.py:925} INFO - DAG(s) 'phimville_pl' retrieved from /opt/airflow/dags/phimville_pl.py
[2025-09-13T16:17:08.415+0000] {logging_mixin.py:190} INFO - [2025-09-13T16:17:08.414+0000] {dag.py:3211} INFO - Sync 1 DAGs
[2025-09-13T16:17:08.435+0000] {logging_mixin.py:190} INFO - [2025-09-13T16:17:08.434+0000] {dag.py:4138} INFO - Setting next_dagrun for phimville_pl to None, run_after=None
[2025-09-13T16:17:08.470+0000] {processor.py:208} INFO - Processing /opt/airflow/dags/phimville_pl.py took 0.415 seconds
[2025-09-13T16:17:38.534+0000] {processor.py:186} INFO - Started process (PID=2285) to work on /opt/airflow/dags/phimville_pl.py
[2025-09-13T16:17:38.535+0000] {processor.py:914} INFO - Processing file /opt/airflow/dags/phimville_pl.py for tasks to queue
[2025-09-13T16:17:38.537+0000] {logging_mixin.py:190} INFO - [2025-09-13T16:17:38.537+0000] {dagbag.py:587} INFO - Filling up the DagBag from /opt/airflow/dags/phimville_pl.py
[2025-09-13T16:17:38.850+0000] {processor.py:925} INFO - DAG(s) 'phimville_pl' retrieved from /opt/airflow/dags/phimville_pl.py
[2025-09-13T16:17:38.895+0000] {logging_mixin.py:190} INFO - [2025-09-13T16:17:38.894+0000] {dag.py:3211} INFO - Sync 1 DAGs
[2025-09-13T16:17:38.912+0000] {logging_mixin.py:190} INFO - [2025-09-13T16:17:38.912+0000] {dag.py:4138} INFO - Setting next_dagrun for phimville_pl to None, run_after=None
[2025-09-13T16:17:38.935+0000] {processor.py:208} INFO - Processing /opt/airflow/dags/phimville_pl.py took 0.407 seconds
[2025-09-13T16:18:09.768+0000] {processor.py:186} INFO - Started process (PID=2386) to work on /opt/airflow/dags/phimville_pl.py
[2025-09-13T16:18:09.769+0000] {processor.py:914} INFO - Processing file /opt/airflow/dags/phimville_pl.py for tasks to queue
[2025-09-13T16:18:09.772+0000] {logging_mixin.py:190} INFO - [2025-09-13T16:18:09.772+0000] {dagbag.py:587} INFO - Filling up the DagBag from /opt/airflow/dags/phimville_pl.py
[2025-09-13T16:18:10.103+0000] {processor.py:925} INFO - DAG(s) 'phimville_pl' retrieved from /opt/airflow/dags/phimville_pl.py
[2025-09-13T16:18:10.142+0000] {logging_mixin.py:190} INFO - [2025-09-13T16:18:10.142+0000] {dag.py:3211} INFO - Sync 1 DAGs
[2025-09-13T16:18:10.158+0000] {logging_mixin.py:190} INFO - [2025-09-13T16:18:10.158+0000] {dag.py:4138} INFO - Setting next_dagrun for phimville_pl to None, run_after=None
[2025-09-13T16:18:10.183+0000] {processor.py:208} INFO - Processing /opt/airflow/dags/phimville_pl.py took 0.422 seconds
[2025-09-13T16:18:41.071+0000] {processor.py:186} INFO - Started process (PID=2652) to work on /opt/airflow/dags/phimville_pl.py
[2025-09-13T16:18:41.072+0000] {processor.py:914} INFO - Processing file /opt/airflow/dags/phimville_pl.py for tasks to queue
[2025-09-13T16:18:41.074+0000] {logging_mixin.py:190} INFO - [2025-09-13T16:18:41.074+0000] {dagbag.py:587} INFO - Filling up the DagBag from /opt/airflow/dags/phimville_pl.py
[2025-09-13T16:18:41.403+0000] {processor.py:925} INFO - DAG(s) 'phimville_pl' retrieved from /opt/airflow/dags/phimville_pl.py
[2025-09-13T16:18:41.450+0000] {logging_mixin.py:190} INFO - [2025-09-13T16:18:41.449+0000] {dag.py:3211} INFO - Sync 1 DAGs
[2025-09-13T16:18:41.469+0000] {logging_mixin.py:190} INFO - [2025-09-13T16:18:41.469+0000] {dag.py:4138} INFO - Setting next_dagrun for phimville_pl to None, run_after=None
[2025-09-13T16:18:41.503+0000] {processor.py:208} INFO - Processing /opt/airflow/dags/phimville_pl.py took 0.437 seconds
[2025-09-13T16:19:12.477+0000] {processor.py:186} INFO - Started process (PID=2780) to work on /opt/airflow/dags/phimville_pl.py
[2025-09-13T16:19:12.478+0000] {processor.py:914} INFO - Processing file /opt/airflow/dags/phimville_pl.py for tasks to queue
[2025-09-13T16:19:12.480+0000] {logging_mixin.py:190} INFO - [2025-09-13T16:19:12.479+0000] {dagbag.py:587} INFO - Filling up the DagBag from /opt/airflow/dags/phimville_pl.py
[2025-09-13T16:19:12.760+0000] {processor.py:925} INFO - DAG(s) 'phimville_pl' retrieved from /opt/airflow/dags/phimville_pl.py
[2025-09-13T16:19:12.813+0000] {logging_mixin.py:190} INFO - [2025-09-13T16:19:12.812+0000] {dag.py:3211} INFO - Sync 1 DAGs
[2025-09-13T16:19:12.832+0000] {logging_mixin.py:190} INFO - [2025-09-13T16:19:12.832+0000] {dag.py:4138} INFO - Setting next_dagrun for phimville_pl to None, run_after=None
[2025-09-13T16:19:12.862+0000] {processor.py:208} INFO - Processing /opt/airflow/dags/phimville_pl.py took 0.390 seconds
[2025-09-13T16:19:43.104+0000] {processor.py:186} INFO - Started process (PID=2908) to work on /opt/airflow/dags/phimville_pl.py
[2025-09-13T16:19:43.105+0000] {processor.py:914} INFO - Processing file /opt/airflow/dags/phimville_pl.py for tasks to queue
[2025-09-13T16:19:43.107+0000] {logging_mixin.py:190} INFO - [2025-09-13T16:19:43.107+0000] {dagbag.py:587} INFO - Filling up the DagBag from /opt/airflow/dags/phimville_pl.py
[2025-09-13T16:19:43.377+0000] {processor.py:925} INFO - DAG(s) 'phimville_pl' retrieved from /opt/airflow/dags/phimville_pl.py
[2025-09-13T16:19:43.418+0000] {logging_mixin.py:190} INFO - [2025-09-13T16:19:43.417+0000] {dag.py:3211} INFO - Sync 1 DAGs
[2025-09-13T16:19:43.436+0000] {logging_mixin.py:190} INFO - [2025-09-13T16:19:43.436+0000] {dag.py:4138} INFO - Setting next_dagrun for phimville_pl to None, run_after=None
[2025-09-13T16:19:43.471+0000] {processor.py:208} INFO - Processing /opt/airflow/dags/phimville_pl.py took 0.371 seconds
[2025-09-13T16:20:13.602+0000] {processor.py:186} INFO - Started process (PID=3036) to work on /opt/airflow/dags/phimville_pl.py
[2025-09-13T16:20:13.603+0000] {processor.py:914} INFO - Processing file /opt/airflow/dags/phimville_pl.py for tasks to queue
[2025-09-13T16:20:13.605+0000] {logging_mixin.py:190} INFO - [2025-09-13T16:20:13.605+0000] {dagbag.py:587} INFO - Filling up the DagBag from /opt/airflow/dags/phimville_pl.py
[2025-09-13T16:20:13.920+0000] {processor.py:925} INFO - DAG(s) 'phimville_pl' retrieved from /opt/airflow/dags/phimville_pl.py
[2025-09-13T16:20:13.969+0000] {logging_mixin.py:190} INFO - [2025-09-13T16:20:13.969+0000] {dag.py:3211} INFO - Sync 1 DAGs
[2025-09-13T16:20:13.989+0000] {logging_mixin.py:190} INFO - [2025-09-13T16:20:13.988+0000] {dag.py:4138} INFO - Setting next_dagrun for phimville_pl to None, run_after=None
[2025-09-13T16:20:14.022+0000] {processor.py:208} INFO - Processing /opt/airflow/dags/phimville_pl.py took 0.426 seconds
[2025-09-13T16:20:44.680+0000] {processor.py:186} INFO - Started process (PID=3164) to work on /opt/airflow/dags/phimville_pl.py
[2025-09-13T16:20:44.682+0000] {processor.py:914} INFO - Processing file /opt/airflow/dags/phimville_pl.py for tasks to queue
[2025-09-13T16:20:44.684+0000] {logging_mixin.py:190} INFO - [2025-09-13T16:20:44.684+0000] {dagbag.py:587} INFO - Filling up the DagBag from /opt/airflow/dags/phimville_pl.py
[2025-09-13T16:20:44.990+0000] {processor.py:925} INFO - DAG(s) 'phimville_pl' retrieved from /opt/airflow/dags/phimville_pl.py
[2025-09-13T16:20:45.035+0000] {logging_mixin.py:190} INFO - [2025-09-13T16:20:45.034+0000] {dag.py:3211} INFO - Sync 1 DAGs
[2025-09-13T16:20:45.050+0000] {logging_mixin.py:190} INFO - [2025-09-13T16:20:45.050+0000] {dag.py:4138} INFO - Setting next_dagrun for phimville_pl to None, run_after=None
[2025-09-13T16:20:45.076+0000] {processor.py:208} INFO - Processing /opt/airflow/dags/phimville_pl.py took 0.402 seconds
[2025-09-13T16:21:15.974+0000] {processor.py:186} INFO - Started process (PID=3292) to work on /opt/airflow/dags/phimville_pl.py
[2025-09-13T16:21:15.975+0000] {processor.py:914} INFO - Processing file /opt/airflow/dags/phimville_pl.py for tasks to queue
[2025-09-13T16:21:15.977+0000] {logging_mixin.py:190} INFO - [2025-09-13T16:21:15.977+0000] {dagbag.py:587} INFO - Filling up the DagBag from /opt/airflow/dags/phimville_pl.py
[2025-09-13T16:21:16.282+0000] {processor.py:925} INFO - DAG(s) 'phimville_pl' retrieved from /opt/airflow/dags/phimville_pl.py
[2025-09-13T16:21:16.329+0000] {logging_mixin.py:190} INFO - [2025-09-13T16:21:16.329+0000] {dag.py:3211} INFO - Sync 1 DAGs
[2025-09-13T16:21:16.349+0000] {logging_mixin.py:190} INFO - [2025-09-13T16:21:16.349+0000] {dag.py:4138} INFO - Setting next_dagrun for phimville_pl to None, run_after=None
[2025-09-13T16:21:16.379+0000] {processor.py:208} INFO - Processing /opt/airflow/dags/phimville_pl.py took 0.412 seconds
[2025-09-13T16:21:46.760+0000] {processor.py:186} INFO - Started process (PID=3315) to work on /opt/airflow/dags/phimville_pl.py
[2025-09-13T16:21:46.761+0000] {processor.py:914} INFO - Processing file /opt/airflow/dags/phimville_pl.py for tasks to queue
[2025-09-13T16:21:46.764+0000] {logging_mixin.py:190} INFO - [2025-09-13T16:21:46.763+0000] {dagbag.py:587} INFO - Filling up the DagBag from /opt/airflow/dags/phimville_pl.py
[2025-09-13T16:21:47.046+0000] {processor.py:925} INFO - DAG(s) 'phimville_pl' retrieved from /opt/airflow/dags/phimville_pl.py
[2025-09-13T16:21:47.092+0000] {logging_mixin.py:190} INFO - [2025-09-13T16:21:47.092+0000] {dag.py:3211} INFO - Sync 1 DAGs
[2025-09-13T16:21:47.112+0000] {logging_mixin.py:190} INFO - [2025-09-13T16:21:47.112+0000] {dag.py:4138} INFO - Setting next_dagrun for phimville_pl to None, run_after=None
[2025-09-13T16:21:47.142+0000] {processor.py:208} INFO - Processing /opt/airflow/dags/phimville_pl.py took 0.387 seconds
[2025-09-13T16:22:17.837+0000] {processor.py:186} INFO - Started process (PID=3443) to work on /opt/airflow/dags/phimville_pl.py
[2025-09-13T16:22:17.838+0000] {processor.py:914} INFO - Processing file /opt/airflow/dags/phimville_pl.py for tasks to queue
[2025-09-13T16:22:17.840+0000] {logging_mixin.py:190} INFO - [2025-09-13T16:22:17.840+0000] {dagbag.py:587} INFO - Filling up the DagBag from /opt/airflow/dags/phimville_pl.py
[2025-09-13T16:22:18.164+0000] {processor.py:925} INFO - DAG(s) 'phimville_pl' retrieved from /opt/airflow/dags/phimville_pl.py
[2025-09-13T16:22:18.214+0000] {logging_mixin.py:190} INFO - [2025-09-13T16:22:18.214+0000] {dag.py:3211} INFO - Sync 1 DAGs
[2025-09-13T16:22:18.235+0000] {logging_mixin.py:190} INFO - [2025-09-13T16:22:18.234+0000] {dag.py:4138} INFO - Setting next_dagrun for phimville_pl to None, run_after=None
[2025-09-13T16:22:18.259+0000] {processor.py:208} INFO - Processing /opt/airflow/dags/phimville_pl.py took 0.429 seconds
[2025-09-13T16:22:48.325+0000] {processor.py:186} INFO - Started process (PID=3572) to work on /opt/airflow/dags/phimville_pl.py
[2025-09-13T16:22:48.326+0000] {processor.py:914} INFO - Processing file /opt/airflow/dags/phimville_pl.py for tasks to queue
[2025-09-13T16:22:48.328+0000] {logging_mixin.py:190} INFO - [2025-09-13T16:22:48.327+0000] {dagbag.py:587} INFO - Filling up the DagBag from /opt/airflow/dags/phimville_pl.py
[2025-09-13T16:22:48.613+0000] {processor.py:925} INFO - DAG(s) 'phimville_pl' retrieved from /opt/airflow/dags/phimville_pl.py
[2025-09-13T16:22:48.663+0000] {logging_mixin.py:190} INFO - [2025-09-13T16:22:48.663+0000] {dag.py:3211} INFO - Sync 1 DAGs
[2025-09-13T16:22:48.680+0000] {logging_mixin.py:190} INFO - [2025-09-13T16:22:48.680+0000] {dag.py:4138} INFO - Setting next_dagrun for phimville_pl to None, run_after=None
[2025-09-13T16:22:48.701+0000] {processor.py:208} INFO - Processing /opt/airflow/dags/phimville_pl.py took 0.380 seconds
[2025-09-13T16:23:19.434+0000] {processor.py:186} INFO - Started process (PID=3711) to work on /opt/airflow/dags/phimville_pl.py
[2025-09-13T16:23:19.435+0000] {processor.py:914} INFO - Processing file /opt/airflow/dags/phimville_pl.py for tasks to queue
[2025-09-13T16:23:19.438+0000] {logging_mixin.py:190} INFO - [2025-09-13T16:23:19.437+0000] {dagbag.py:587} INFO - Filling up the DagBag from /opt/airflow/dags/phimville_pl.py
[2025-09-13T16:23:19.702+0000] {processor.py:925} INFO - DAG(s) 'phimville_pl' retrieved from /opt/airflow/dags/phimville_pl.py
[2025-09-13T16:23:19.747+0000] {logging_mixin.py:190} INFO - [2025-09-13T16:23:19.747+0000] {dag.py:3211} INFO - Sync 1 DAGs
[2025-09-13T16:23:19.760+0000] {logging_mixin.py:190} INFO - [2025-09-13T16:23:19.760+0000] {dag.py:4138} INFO - Setting next_dagrun for phimville_pl to None, run_after=None
[2025-09-13T16:23:19.786+0000] {processor.py:208} INFO - Processing /opt/airflow/dags/phimville_pl.py took 0.358 seconds
[2025-09-13T16:23:50.010+0000] {processor.py:186} INFO - Started process (PID=3735) to work on /opt/airflow/dags/phimville_pl.py
[2025-09-13T16:23:50.011+0000] {processor.py:914} INFO - Processing file /opt/airflow/dags/phimville_pl.py for tasks to queue
[2025-09-13T16:23:50.013+0000] {logging_mixin.py:190} INFO - [2025-09-13T16:23:50.013+0000] {dagbag.py:587} INFO - Filling up the DagBag from /opt/airflow/dags/phimville_pl.py
[2025-09-13T16:23:50.282+0000] {processor.py:925} INFO - DAG(s) 'phimville_pl' retrieved from /opt/airflow/dags/phimville_pl.py
[2025-09-13T16:23:50.318+0000] {logging_mixin.py:190} INFO - [2025-09-13T16:23:50.318+0000] {dag.py:3211} INFO - Sync 1 DAGs
[2025-09-13T16:23:50.334+0000] {logging_mixin.py:190} INFO - [2025-09-13T16:23:50.333+0000] {dag.py:4138} INFO - Setting next_dagrun for phimville_pl to None, run_after=None
[2025-09-13T16:23:50.360+0000] {processor.py:208} INFO - Processing /opt/airflow/dags/phimville_pl.py took 0.355 seconds
[2025-09-13T16:24:21.043+0000] {processor.py:186} INFO - Started process (PID=3759) to work on /opt/airflow/dags/phimville_pl.py
[2025-09-13T16:24:21.044+0000] {processor.py:914} INFO - Processing file /opt/airflow/dags/phimville_pl.py for tasks to queue
[2025-09-13T16:24:21.046+0000] {logging_mixin.py:190} INFO - [2025-09-13T16:24:21.046+0000] {dagbag.py:587} INFO - Filling up the DagBag from /opt/airflow/dags/phimville_pl.py
[2025-09-13T16:24:21.338+0000] {processor.py:925} INFO - DAG(s) 'phimville_pl' retrieved from /opt/airflow/dags/phimville_pl.py
[2025-09-13T16:24:21.372+0000] {logging_mixin.py:190} INFO - [2025-09-13T16:24:21.372+0000] {dag.py:3211} INFO - Sync 1 DAGs
[2025-09-13T16:24:21.387+0000] {logging_mixin.py:190} INFO - [2025-09-13T16:24:21.386+0000] {dag.py:4138} INFO - Setting next_dagrun for phimville_pl to None, run_after=None
[2025-09-13T16:24:21.410+0000] {processor.py:208} INFO - Processing /opt/airflow/dags/phimville_pl.py took 0.371 seconds
[2025-09-13T16:24:51.519+0000] {processor.py:186} INFO - Started process (PID=3783) to work on /opt/airflow/dags/phimville_pl.py
[2025-09-13T16:24:51.521+0000] {processor.py:914} INFO - Processing file /opt/airflow/dags/phimville_pl.py for tasks to queue
[2025-09-13T16:24:51.523+0000] {logging_mixin.py:190} INFO - [2025-09-13T16:24:51.523+0000] {dagbag.py:587} INFO - Filling up the DagBag from /opt/airflow/dags/phimville_pl.py
[2025-09-13T16:24:51.844+0000] {processor.py:925} INFO - DAG(s) 'phimville_pl' retrieved from /opt/airflow/dags/phimville_pl.py
[2025-09-13T16:24:51.887+0000] {logging_mixin.py:190} INFO - [2025-09-13T16:24:51.887+0000] {dag.py:3211} INFO - Sync 1 DAGs
[2025-09-13T16:24:51.903+0000] {logging_mixin.py:190} INFO - [2025-09-13T16:24:51.903+0000] {dag.py:4138} INFO - Setting next_dagrun for phimville_pl to None, run_after=None
[2025-09-13T16:24:51.934+0000] {processor.py:208} INFO - Processing /opt/airflow/dags/phimville_pl.py took 0.421 seconds
