[2025-09-13T17:56:46.814+0000] {local_task_job_runner.py:123} INFO - ::group::Pre task execution logs
[2025-09-13T17:56:46.849+0000] {taskinstance.py:2603} INFO - Dependencies all met for dep_context=non-requeueable deps ti=<TaskInstance: stock_mlops_pl.create_insert_data manual__2025-09-13T17:56:40.564824+00:00 [queued]>
[2025-09-13T17:56:46.856+0000] {taskinstance.py:2603} INFO - Dependencies all met for dep_context=requeueable deps ti=<TaskInstance: stock_mlops_pl.create_insert_data manual__2025-09-13T17:56:40.564824+00:00 [queued]>
[2025-09-13T17:56:46.857+0000] {taskinstance.py:2856} INFO - Starting attempt 1 of 6
[2025-09-13T17:56:46.876+0000] {taskinstance.py:2879} INFO - Executing <Task(_PythonDecoratedOperator): create_insert_data> on 2025-09-13 17:56:40.564824+00:00
[2025-09-13T17:56:46.885+0000] {standard_task_runner.py:72} INFO - Started process 259 to run task
[2025-09-13T17:56:46.888+0000] {standard_task_runner.py:104} INFO - Running: ['***', 'tasks', 'run', 'stock_mlops_pl', 'create_insert_data', 'manual__2025-09-13T17:56:40.564824+00:00', '--job-id', '40', '--raw', '--subdir', 'DAGS_FOLDER/stock_mlops_pl.py', '--cfg-path', '/tmp/tmp0r41dryh']
[2025-09-13T17:56:46.892+0000] {standard_task_runner.py:105} INFO - Job 40: Subtask create_insert_data
[2025-09-13T17:56:47.007+0000] {task_command.py:467} INFO - Running <TaskInstance: stock_mlops_pl.create_insert_data manual__2025-09-13T17:56:40.564824+00:00 [running]> on host 27d6e6ec8d55
[2025-09-13T17:56:47.152+0000] {taskinstance.py:3122} INFO - Exporting env vars: AIRFLOW_CTX_DAG_OWNER='Khuong' AIRFLOW_CTX_DAG_ID='stock_mlops_pl' AIRFLOW_CTX_TASK_ID='create_insert_data' AIRFLOW_CTX_EXECUTION_DATE='2025-09-13T17:56:40.564824+00:00' AIRFLOW_CTX_TRY_NUMBER='1' AIRFLOW_CTX_DAG_RUN_ID='manual__2025-09-13T17:56:40.564824+00:00'
[2025-09-13T17:56:47.155+0000] {taskinstance.py:731} INFO - ::endgroup::
[2025-09-13T17:56:47.190+0000] {logging_mixin.py:190} INFO - [['NEAR/USDT', '2025-09-13 17:52:00', '2.805', '2.805', '2.803', '2.804', '713.5'], ['NEAR/USDT', '2025-09-13 17:53:00', '2.804', '2.807', '2.804', '2.807', '11286.3'], ['NEAR/USDT', '2025-09-13 17:54:00', '2.806', '2.807', '2.805', '2.806', '440.1'], ['NEAR/USDT', '2025-09-13 17:55:00', '2.805', '2.806', '2.804', '2.806', '10464.5'], ['NEAR/USDT', '2025-09-13 17:56:00', '2.806', '2.811', '2.805', '2.809', '40131.4']]
[2025-09-13T17:56:50.937+0000] {logging_mixin.py:190} INFO - Connect DuckDB Successfully!
[2025-09-13T17:56:53.199+0000] {logging_mixin.py:190} INFO - Create and Insert Data Successfully!
[2025-09-13T17:56:53.200+0000] {python.py:240} INFO - Done. Returned value was: None
[2025-09-13T17:56:53.226+0000] {taskinstance.py:340} INFO - ::group::Post task execution logs
[2025-09-13T17:56:53.227+0000] {taskinstance.py:352} INFO - Marking task as SUCCESS. dag_id=stock_mlops_pl, task_id=create_insert_data, run_id=manual__2025-09-13T17:56:40.564824+00:00, execution_date=20250913T175640, start_date=20250913T175646, end_date=20250913T175653
[2025-09-13T17:56:53.289+0000] {local_task_job_runner.py:261} INFO - Task exited with return code 0
[2025-09-13T17:56:53.327+0000] {taskinstance.py:3891} INFO - 0 downstream tasks scheduled from follow-on schedule check
[2025-09-13T17:56:53.331+0000] {local_task_job_runner.py:240} INFO - ::endgroup::
