[2025-09-13T18:01:01.971+0000] {local_task_job_runner.py:123} INFO - ::group::Pre task execution logs
[2025-09-13T18:01:02.006+0000] {taskinstance.py:2603} INFO - Dependencies all met for dep_context=non-requeueable deps ti=<TaskInstance: stock_mlops_pl.create_insert_data manual__2025-09-13T18:00:56.764500+00:00 [queued]>
[2025-09-13T18:01:02.014+0000] {taskinstance.py:2603} INFO - Dependencies all met for dep_context=requeueable deps ti=<TaskInstance: stock_mlops_pl.create_insert_data manual__2025-09-13T18:00:56.764500+00:00 [queued]>
[2025-09-13T18:01:02.016+0000] {taskinstance.py:2856} INFO - Starting attempt 1 of 6
[2025-09-13T18:01:02.028+0000] {taskinstance.py:2879} INFO - Executing <Task(_PythonDecoratedOperator): create_insert_data> on 2025-09-13 18:00:56.764500+00:00
[2025-09-13T18:01:02.038+0000] {standard_task_runner.py:72} INFO - Started process 241 to run task
[2025-09-13T18:01:02.042+0000] {standard_task_runner.py:104} INFO - Running: ['***', 'tasks', 'run', 'stock_mlops_pl', 'create_insert_data', 'manual__2025-09-13T18:00:56.764500+00:00', '--job-id', '44', '--raw', '--subdir', 'DAGS_FOLDER/stock_mlops_pl.py', '--cfg-path', '/tmp/tmpog2nasde']
[2025-09-13T18:01:02.045+0000] {standard_task_runner.py:105} INFO - Job 44: Subtask create_insert_data
[2025-09-13T18:01:02.165+0000] {task_command.py:467} INFO - Running <TaskInstance: stock_mlops_pl.create_insert_data manual__2025-09-13T18:00:56.764500+00:00 [running]> on host b0521602e8d9
[2025-09-13T18:01:02.306+0000] {taskinstance.py:3122} INFO - Exporting env vars: AIRFLOW_CTX_DAG_OWNER='Khuong' AIRFLOW_CTX_DAG_ID='stock_mlops_pl' AIRFLOW_CTX_TASK_ID='create_insert_data' AIRFLOW_CTX_EXECUTION_DATE='2025-09-13T18:00:56.764500+00:00' AIRFLOW_CTX_TRY_NUMBER='1' AIRFLOW_CTX_DAG_RUN_ID='manual__2025-09-13T18:00:56.764500+00:00'
[2025-09-13T18:01:02.308+0000] {taskinstance.py:731} INFO - ::endgroup::
[2025-09-13T18:01:02.334+0000] {logging_mixin.py:190} INFO - [['NEAR/USDT', '2025-09-13 17:56:00', '2.806', '2.811', '2.805', '2.808', '45834.5'], ['NEAR/USDT', '2025-09-13 17:57:00', '2.807', '2.81', '2.807', '2.807', '5840.5'], ['NEAR/USDT', '2025-09-13 17:58:00', '2.807', '2.809', '2.807', '2.808', '1054.8'], ['NEAR/USDT', '2025-09-13 17:59:00', '2.809', '2.809', '2.807', '2.807', '2047.9'], ['NEAR/USDT', '2025-09-13 18:00:00', '2.807', '2.809', '2.805', '2.805', '1386.0']]
[2025-09-13T18:01:06.165+0000] {logging_mixin.py:190} INFO - Connect DuckDB Successfully!
[2025-09-13T18:01:08.491+0000] {logging_mixin.py:190} INFO - Create and Insert Data Successfully!
[2025-09-13T18:01:08.493+0000] {python.py:240} INFO - Done. Returned value was: None
[2025-09-13T18:01:08.517+0000] {taskinstance.py:340} INFO - ::group::Post task execution logs
[2025-09-13T18:01:08.517+0000] {taskinstance.py:352} INFO - Marking task as SUCCESS. dag_id=stock_mlops_pl, task_id=create_insert_data, run_id=manual__2025-09-13T18:00:56.764500+00:00, execution_date=20250913T180056, start_date=20250913T180102, end_date=20250913T180108
[2025-09-13T18:01:08.597+0000] {local_task_job_runner.py:261} INFO - Task exited with return code 0
[2025-09-13T18:01:08.628+0000] {taskinstance.py:3891} INFO - 0 downstream tasks scheduled from follow-on schedule check
[2025-09-13T18:01:08.633+0000] {local_task_job_runner.py:240} INFO - ::endgroup::
