[2025-09-13T17:42:53.057+0000] {local_task_job_runner.py:123} INFO - ::group::Pre task execution logs
[2025-09-13T17:42:53.090+0000] {taskinstance.py:2603} INFO - Dependencies all met for dep_context=non-requeueable deps ti=<TaskInstance: stock_mlops_pl.create_insert_data manual__2025-09-13T17:42:47.488407+00:00 [queued]>
[2025-09-13T17:42:53.097+0000] {taskinstance.py:2603} INFO - Dependencies all met for dep_context=requeueable deps ti=<TaskInstance: stock_mlops_pl.create_insert_data manual__2025-09-13T17:42:47.488407+00:00 [queued]>
[2025-09-13T17:42:53.098+0000] {taskinstance.py:2856} INFO - Starting attempt 1 of 6
[2025-09-13T17:42:53.108+0000] {taskinstance.py:2879} INFO - Executing <Task(_PythonDecoratedOperator): create_insert_data> on 2025-09-13 17:42:47.488407+00:00
[2025-09-13T17:42:53.119+0000] {standard_task_runner.py:72} INFO - Started process 7613 to run task
[2025-09-13T17:42:53.122+0000] {standard_task_runner.py:104} INFO - Running: ['***', 'tasks', 'run', 'stock_mlops_pl', 'create_insert_data', 'manual__2025-09-13T17:42:47.488407+00:00', '--job-id', '32', '--raw', '--subdir', 'DAGS_FOLDER/stock_mlops_pl.py', '--cfg-path', '/tmp/tmp4mxiq9oc']
[2025-09-13T17:42:53.126+0000] {standard_task_runner.py:105} INFO - Job 32: Subtask create_insert_data
[2025-09-13T17:42:53.230+0000] {task_command.py:467} INFO - Running <TaskInstance: stock_mlops_pl.create_insert_data manual__2025-09-13T17:42:47.488407+00:00 [running]> on host 2b9240d99b24
[2025-09-13T17:42:53.382+0000] {taskinstance.py:3122} INFO - Exporting env vars: AIRFLOW_CTX_DAG_OWNER='Khuong' AIRFLOW_CTX_DAG_ID='stock_mlops_pl' AIRFLOW_CTX_TASK_ID='create_insert_data' AIRFLOW_CTX_EXECUTION_DATE='2025-09-13T17:42:47.488407+00:00' AIRFLOW_CTX_TRY_NUMBER='1' AIRFLOW_CTX_DAG_RUN_ID='manual__2025-09-13T17:42:47.488407+00:00'
[2025-09-13T17:42:53.384+0000] {taskinstance.py:731} INFO - ::endgroup::
[2025-09-13T17:42:53.413+0000] {logging_mixin.py:190} INFO - [['NEAR/USDT', '2025-09-13 17:38:00', '2.801', '2.802', '2.799', '2.8', '3173.7'], ['NEAR/USDT', '2025-09-13 17:39:00', '2.8', '2.8', '2.798', '2.798', '459.1'], ['NEAR/USDT', '2025-09-13 17:40:00', '2.798', '2.8', '2.798', '2.8', '2157.4'], ['NEAR/USDT', '2025-09-13 17:41:00', '2.799', '2.803', '2.799', '2.802', '2030.5'], ['NEAR/USDT', '2025-09-13 17:42:00', '2.802', '2.802', '2.801', '2.802', '2506.6']]
[2025-09-13T17:42:55.417+0000] {logging_mixin.py:190} INFO - Connect DuckDB Successfully!
[2025-09-13T17:42:56.409+0000] {logging_mixin.py:190} INFO - Parser Error: syntax error at or near "["
[2025-09-13T17:42:56.410+0000] {python.py:240} INFO - Done. Returned value was: None
[2025-09-13T17:42:56.435+0000] {taskinstance.py:340} INFO - ::group::Post task execution logs
[2025-09-13T17:42:56.436+0000] {taskinstance.py:352} INFO - Marking task as SUCCESS. dag_id=stock_mlops_pl, task_id=create_insert_data, run_id=manual__2025-09-13T17:42:47.488407+00:00, execution_date=20250913T174247, start_date=20250913T174253, end_date=20250913T174256
[2025-09-13T17:42:56.514+0000] {local_task_job_runner.py:261} INFO - Task exited with return code 0
[2025-09-13T17:42:56.550+0000] {taskinstance.py:3891} INFO - 0 downstream tasks scheduled from follow-on schedule check
[2025-09-13T17:42:56.553+0000] {local_task_job_runner.py:240} INFO - ::endgroup::
