[2025-09-13T20:41:10.131+0000] {local_task_job_runner.py:123} INFO - ::group::Pre task execution logs
[2025-09-13T20:41:10.166+0000] {taskinstance.py:2603} INFO - Dependencies all met for dep_context=non-requeueable deps ti=<TaskInstance: stock_mlops_pl.create_insert_data scheduled__2025-09-12T00:00:00+00:00 [queued]>
[2025-09-13T20:41:10.179+0000] {taskinstance.py:2603} INFO - Dependencies all met for dep_context=requeueable deps ti=<TaskInstance: stock_mlops_pl.create_insert_data scheduled__2025-09-12T00:00:00+00:00 [queued]>
[2025-09-13T20:41:10.181+0000] {taskinstance.py:2856} INFO - Starting attempt 1 of 6
[2025-09-13T20:41:10.198+0000] {taskinstance.py:2879} INFO - Executing <Task(_PythonDecoratedOperator): create_insert_data> on 2025-09-12 00:00:00+00:00
[2025-09-13T20:41:10.207+0000] {standard_task_runner.py:72} INFO - Started process 8016 to run task
[2025-09-13T20:41:10.210+0000] {standard_task_runner.py:104} INFO - Running: ['***', 'tasks', 'run', 'stock_mlops_pl', 'create_insert_data', 'scheduled__2025-09-12T00:00:00+00:00', '--job-id', '66', '--raw', '--subdir', 'DAGS_FOLDER/stock_mlops_pl.py', '--cfg-path', '/tmp/tmpsn1ov_rs']
[2025-09-13T20:41:10.213+0000] {standard_task_runner.py:105} INFO - Job 66: Subtask create_insert_data
[2025-09-13T20:41:10.317+0000] {task_command.py:467} INFO - Running <TaskInstance: stock_mlops_pl.create_insert_data scheduled__2025-09-12T00:00:00+00:00 [running]> on host b58c557c95f4
[2025-09-13T20:41:10.451+0000] {taskinstance.py:3122} INFO - Exporting env vars: AIRFLOW_CTX_DAG_OWNER='Khuong' AIRFLOW_CTX_DAG_ID='stock_mlops_pl' AIRFLOW_CTX_TASK_ID='create_insert_data' AIRFLOW_CTX_EXECUTION_DATE='2025-09-12T00:00:00+00:00' AIRFLOW_CTX_TRY_NUMBER='1' AIRFLOW_CTX_DAG_RUN_ID='scheduled__2025-09-12T00:00:00+00:00'
[2025-09-13T20:41:10.453+0000] {taskinstance.py:731} INFO - ::endgroup::
[2025-09-13T20:41:12.533+0000] {logging_mixin.py:190} INFO - Connect DuckDB Successfully!
[2025-09-13T20:41:14.782+0000] {logging_mixin.py:190} INFO - Create and Insert Data Successfully!
[2025-09-13T20:41:14.783+0000] {python.py:240} INFO - Done. Returned value was: None
[2025-09-13T20:41:14.802+0000] {taskinstance.py:340} INFO - ::group::Post task execution logs
[2025-09-13T20:41:14.803+0000] {taskinstance.py:352} INFO - Marking task as SUCCESS. dag_id=stock_mlops_pl, task_id=create_insert_data, run_id=scheduled__2025-09-12T00:00:00+00:00, execution_date=20250912T000000, start_date=20250913T204110, end_date=20250913T204114
[2025-09-13T20:41:14.845+0000] {local_task_job_runner.py:261} INFO - Task exited with return code 0
[2025-09-13T20:41:14.879+0000] {taskinstance.py:3891} INFO - 0 downstream tasks scheduled from follow-on schedule check
[2025-09-13T20:41:14.882+0000] {local_task_job_runner.py:240} INFO - ::endgroup::
[2025-09-13T20:52:16.243+0000] {local_task_job_runner.py:123} INFO - ::group::Pre task execution logs
[2025-09-13T20:52:16.277+0000] {taskinstance.py:2603} INFO - Dependencies all met for dep_context=non-requeueable deps ti=<TaskInstance: stock_mlops_pl.create_insert_data scheduled__2025-09-12T00:00:00+00:00 [queued]>
[2025-09-13T20:52:16.286+0000] {taskinstance.py:2603} INFO - Dependencies all met for dep_context=requeueable deps ti=<TaskInstance: stock_mlops_pl.create_insert_data scheduled__2025-09-12T00:00:00+00:00 [queued]>
[2025-09-13T20:52:16.287+0000] {taskinstance.py:2856} INFO - Starting attempt 1 of 6
[2025-09-13T20:52:16.298+0000] {taskinstance.py:2879} INFO - Executing <Task(_PythonDecoratedOperator): create_insert_data> on 2025-09-12 00:00:00+00:00
[2025-09-13T20:52:16.306+0000] {standard_task_runner.py:72} INFO - Started process 320 to run task
[2025-09-13T20:52:16.308+0000] {standard_task_runner.py:104} INFO - Running: ['***', 'tasks', 'run', 'stock_mlops_pl', 'create_insert_data', 'scheduled__2025-09-12T00:00:00+00:00', '--job-id', '76', '--raw', '--subdir', 'DAGS_FOLDER/stock_mlops_pl.py', '--cfg-path', '/tmp/tmpndoxlygo']
[2025-09-13T20:52:16.311+0000] {standard_task_runner.py:105} INFO - Job 76: Subtask create_insert_data
[2025-09-13T20:52:16.411+0000] {task_command.py:467} INFO - Running <TaskInstance: stock_mlops_pl.create_insert_data scheduled__2025-09-12T00:00:00+00:00 [running]> on host df17d1c167c8
[2025-09-13T20:52:16.551+0000] {taskinstance.py:3122} INFO - Exporting env vars: AIRFLOW_CTX_DAG_OWNER='Khuong' AIRFLOW_CTX_DAG_ID='stock_mlops_pl' AIRFLOW_CTX_TASK_ID='create_insert_data' AIRFLOW_CTX_EXECUTION_DATE='2025-09-12T00:00:00+00:00' AIRFLOW_CTX_TRY_NUMBER='1' AIRFLOW_CTX_DAG_RUN_ID='scheduled__2025-09-12T00:00:00+00:00'
[2025-09-13T20:52:16.553+0000] {taskinstance.py:731} INFO - ::endgroup::
[2025-09-13T20:52:21.466+0000] {logging_mixin.py:190} INFO - Connect DuckDB Successfully!
[2025-09-13T20:52:23.531+0000] {logging_mixin.py:190} INFO - Create and Insert Data Successfully!
[2025-09-13T20:52:23.532+0000] {python.py:240} INFO - Done. Returned value was: None
[2025-09-13T20:52:23.562+0000] {taskinstance.py:340} INFO - ::group::Post task execution logs
[2025-09-13T20:52:23.563+0000] {taskinstance.py:352} INFO - Marking task as SUCCESS. dag_id=stock_mlops_pl, task_id=create_insert_data, run_id=scheduled__2025-09-12T00:00:00+00:00, execution_date=20250912T000000, start_date=20250913T205216, end_date=20250913T205223
[2025-09-13T20:52:23.632+0000] {local_task_job_runner.py:261} INFO - Task exited with return code 0
[2025-09-13T20:52:23.667+0000] {taskinstance.py:3891} INFO - 0 downstream tasks scheduled from follow-on schedule check
[2025-09-13T20:52:23.671+0000] {local_task_job_runner.py:240} INFO - ::endgroup::
