[2025-09-14T04:10:05.278+0000] {local_task_job_runner.py:123} INFO - ::group::Pre task execution logs
[2025-09-14T04:10:05.307+0000] {taskinstance.py:2603} INFO - Dependencies all met for dep_context=non-requeueable deps ti=<TaskInstance: stock_mlops_pl.create_insert_data scheduled__2025-09-14T04:05:00+00:00 [queued]>
[2025-09-14T04:10:05.313+0000] {taskinstance.py:2603} INFO - Dependencies all met for dep_context=requeueable deps ti=<TaskInstance: stock_mlops_pl.create_insert_data scheduled__2025-09-14T04:05:00+00:00 [queued]>
[2025-09-14T04:10:05.314+0000] {taskinstance.py:2856} INFO - Starting attempt 1 of 6
[2025-09-14T04:10:05.326+0000] {taskinstance.py:2879} INFO - Executing <Task(_PythonDecoratedOperator): create_insert_data> on 2025-09-14 04:05:00+00:00
[2025-09-14T04:10:05.333+0000] {standard_task_runner.py:72} INFO - Started process 30631 to run task
[2025-09-14T04:10:05.336+0000] {standard_task_runner.py:104} INFO - Running: ['***', 'tasks', 'run', 'stock_mlops_pl', 'create_insert_data', 'scheduled__2025-09-14T04:05:00+00:00', '--job-id', '254', '--raw', '--subdir', 'DAGS_FOLDER/stock_mlops_pl.py', '--cfg-path', '/tmp/tmpw0lvjaml']
[2025-09-14T04:10:05.339+0000] {standard_task_runner.py:105} INFO - Job 254: Subtask create_insert_data
[2025-09-14T04:10:05.433+0000] {task_command.py:467} INFO - Running <TaskInstance: stock_mlops_pl.create_insert_data scheduled__2025-09-14T04:05:00+00:00 [running]> on host 3a02a95ee454
[2025-09-14T04:10:05.558+0000] {taskinstance.py:3122} INFO - Exporting env vars: AIRFLOW_CTX_DAG_OWNER='Khuong' AIRFLOW_CTX_DAG_ID='stock_mlops_pl' AIRFLOW_CTX_TASK_ID='create_insert_data' AIRFLOW_CTX_EXECUTION_DATE='2025-09-14T04:05:00+00:00' AIRFLOW_CTX_TRY_NUMBER='1' AIRFLOW_CTX_DAG_RUN_ID='scheduled__2025-09-14T04:05:00+00:00'
[2025-09-14T04:10:05.559+0000] {taskinstance.py:731} INFO - ::endgroup::
[2025-09-14T04:10:07.698+0000] {logging_mixin.py:190} INFO - Connect DuckDB Successfully!
[2025-09-14T04:10:10.249+0000] {logging_mixin.py:190} INFO - Create and Insert Data Successfully!
[2025-09-14T04:10:10.252+0000] {python.py:240} INFO - Done. Returned value was: None
[2025-09-14T04:10:10.279+0000] {taskinstance.py:340} INFO - ::group::Post task execution logs
[2025-09-14T04:10:10.280+0000] {taskinstance.py:352} INFO - Marking task as SUCCESS. dag_id=stock_mlops_pl, task_id=create_insert_data, run_id=scheduled__2025-09-14T04:05:00+00:00, execution_date=20250914T040500, start_date=20250914T041005, end_date=20250914T041010
[2025-09-14T04:10:10.338+0000] {local_task_job_runner.py:261} INFO - Task exited with return code 0
[2025-09-14T04:10:10.339+0000] {standard_task_runner.py:217} INFO - Process not found (most likely exited), stop collecting metrics
[2025-09-14T04:10:10.370+0000] {taskinstance.py:3891} INFO - 0 downstream tasks scheduled from follow-on schedule check
[2025-09-14T04:10:10.374+0000] {local_task_job_runner.py:240} INFO - ::endgroup::
