[2025-09-13T16:17:23.289+0000] {local_task_job_runner.py:123} INFO - ::group::Pre task execution logs
[2025-09-13T16:17:23.319+0000] {taskinstance.py:2603} INFO - Dependencies all met for dep_context=non-requeueable deps ti=<TaskInstance: stock_mlops_pl.create_insesrt_data manual__2025-09-13T16:17:11.714943+00:00 [queued]>
[2025-09-13T16:17:23.328+0000] {taskinstance.py:2603} INFO - Dependencies all met for dep_context=requeueable deps ti=<TaskInstance: stock_mlops_pl.create_insesrt_data manual__2025-09-13T16:17:11.714943+00:00 [queued]>
[2025-09-13T16:17:23.329+0000] {taskinstance.py:2856} INFO - Starting attempt 1 of 6
[2025-09-13T16:17:23.340+0000] {taskinstance.py:2879} INFO - Executing <Task(_PythonDecoratedOperator): create_insesrt_data> on 2025-09-13 16:17:11.714943+00:00
[2025-09-13T16:17:23.350+0000] {standard_task_runner.py:72} INFO - Started process 2160 to run task
[2025-09-13T16:17:23.354+0000] {standard_task_runner.py:104} INFO - Running: ['***', 'tasks', 'run', 'stock_mlops_pl', 'create_insesrt_data', 'manual__2025-09-13T16:17:11.714943+00:00', '--job-id', '26', '--raw', '--subdir', 'DAGS_FOLDER/stock_mlops_pl.py', '--cfg-path', '/tmp/tmpeodxpckj']
[2025-09-13T16:17:23.357+0000] {standard_task_runner.py:105} INFO - Job 26: Subtask create_insesrt_data
[2025-09-13T16:17:23.464+0000] {task_command.py:467} INFO - Running <TaskInstance: stock_mlops_pl.create_insesrt_data manual__2025-09-13T16:17:11.714943+00:00 [running]> on host 2b9240d99b24
[2025-09-13T16:17:23.599+0000] {taskinstance.py:3122} INFO - Exporting env vars: AIRFLOW_CTX_DAG_OWNER='Khuong' AIRFLOW_CTX_DAG_ID='stock_mlops_pl' AIRFLOW_CTX_TASK_ID='create_insesrt_data' AIRFLOW_CTX_EXECUTION_DATE='2025-09-13T16:17:11.714943+00:00' AIRFLOW_CTX_TRY_NUMBER='1' AIRFLOW_CTX_DAG_RUN_ID='manual__2025-09-13T16:17:11.714943+00:00'
[2025-09-13T16:17:23.601+0000] {taskinstance.py:731} INFO - ::endgroup::
[2025-09-13T16:17:28.653+0000] {logging_mixin.py:190} INFO - [('NEAR/USDT', '2025-09-13 16:13:00', '2.816', '2.821', '2.815', '2.82', '9948.8'), ('NEAR/USDT', '2025-09-13 16:14:00', '2.82', '2.822', '2.817', '2.818', '12546.4'), ('NEAR/USDT', '2025-09-13 16:15:00', '2.818', '2.819', '2.816', '2.819', '6006.1'), ('NEAR/USDT', '2025-09-13 16:16:00', '2.819', '2.821', '2.814', '2.815', '14271.0'), ('NEAR/USDT', '2025-09-13 16:17:00', '2.814', '2.816', '2.813', '2.813', '3405.4')]
[2025-09-13T16:23:08.809+0000] {local_task_job_runner.py:341} WARNING - State of this instance has been externally set to failed. Terminating instance.
[2025-09-13T16:23:08.810+0000] {local_task_job_runner.py:240} INFO - ::endgroup::
[2025-09-13T16:23:08.812+0000] {process_utils.py:132} INFO - Sending 15 to group 2160. PIDs of all processes in the group: [2160]
[2025-09-13T16:23:08.813+0000] {process_utils.py:87} INFO - Sending the signal 15 to group 2160
[2025-09-13T16:24:08.833+0000] {process_utils.py:150} WARNING - process psutil.Process(pid=2160, name='airflow task ru', status='sleeping', started='16:17:22') did not respond to SIGTERM. Trying SIGKILL
[2025-09-13T16:24:08.834+0000] {process_utils.py:87} INFO - Sending the signal 9 to group 2160
[2025-09-13T16:24:08.849+0000] {process_utils.py:80} INFO - Process psutil.Process(pid=2160, name='airflow task ru', status='terminated', exitcode=<Negsignal.SIGKILL: -9>, started='16:17:22') (2160) terminated with exit code -9
[2025-09-13T16:24:08.850+0000] {standard_task_runner.py:190} ERROR - ('Job 26 was killed before it finished (likely due to running out of memory)', 'For more information, see https://***.apache.org/docs/apache-***/stable/troubleshooting.html#LocalTaskJob-killed')
